Log file open, 10/04/22 14:20:19
LogWindows: Failed to load 'aqProf.dll' (GetLastError=126)
LogWindows: File 'aqProf.dll' does not exist
LogWindows: Failed to load 'VtuneApi.dll' (GetLastError=126)
LogWindows: File 'VtuneApi.dll' does not exist
LogWindows: Failed to load 'VtuneApi32e.dll' (GetLastError=126)
LogWindows: File 'VtuneApi32e.dll' does not exist
LogConsoleResponse: Display: Failed to find resolution value strings in scalability ini. Falling back to default.
LogConsoleResponse: Display: Failed to find resolution value strings in scalability ini. Falling back to default.
LogInit: Display: Running engine for game: Project3
LogPlatformFile: Not using cached read wrapper
LogTaskGraph: Started task graph with 5 named threads and 71 total threads with 3 sets of task threads.
LogStats: Stats thread started at 0.211279
LogICUInternationalization: ICU TimeZone Detection - Raw Offset: -5:00, Platform Override: ''
LogInit: Display: Loading text-based GConfig....
LogPluginManager: Mounting plugin MeshPainting
LogPluginManager: Mounting plugin XGEController
LogPluginManager: Mounting plugin Paper2D
LogPluginManager: Mounting plugin AISupport
LogPluginManager: Mounting plugin LiveLink
LogPluginManager: Mounting plugin CameraShakePreviewer
LogPluginManager: Mounting plugin EnvironmentQueryEditor
LogPluginManager: Mounting plugin GameplayCameras
LogPluginManager: Mounting plugin LightPropagationVolume
LogPluginManager: Mounting plugin OodleNetwork
LogPluginManager: Mounting plugin OodleData
LogPluginManager: Mounting plugin AssetManagerEditor
LogPluginManager: Mounting plugin CryptoKeys
LogPluginManager: Mounting plugin FacialAnimation
LogPluginManager: Mounting plugin DataValidation
LogPluginManager: Mounting plugin CurveEditorTools
LogPluginManager: Mounting plugin MaterialAnalyzer
LogPluginManager: Mounting plugin PluginBrowser
LogPluginManager: Mounting plugin GeometryMode
LogPluginManager: Mounting plugin MobileLauncherProfileWizard
LogPluginManager: Mounting plugin MacGraphicsSwitching
LogPluginManager: Mounting plugin GameplayTagsEditor
LogPluginManager: Mounting plugin DatasmithContent
LogPluginManager: Mounting plugin SpeedTreeImporter
LogPluginManager: Mounting plugin VariantManagerContent
LogPluginManager: Mounting plugin BackChannel
LogPluginManager: Mounting plugin AnimationSharing
LogPluginManager: Mounting plugin AutomationUtils
LogPluginManager: Mounting plugin ChaosCloth
LogPluginManager: Mounting plugin AlembicImporter
LogPluginManager: Mounting plugin ChaosEditor
LogPluginManager: Mounting plugin CharacterAI
LogPluginManager: Mounting plugin ChaosSolverPlugin
LogPluginManager: Mounting plugin ChaosClothEditor
LogPluginManager: Mounting plugin ChaosNiagara
LogPluginManager: Mounting plugin GitSourceControl
LogPluginManager: Mounting plugin CLionSourceCodeAccess
LogPluginManager: Mounting plugin Niagara
LogPluginManager: Mounting plugin CodeLiteSourceCodeAccess
LogPluginManager: Mounting plugin PixWinPlugin
LogPluginManager: Mounting plugin KDevelopSourceCodeAccess
LogPluginManager: Mounting plugin PropertyAccessNode
LogPluginManager: Mounting plugin PlasticSourceControl
LogPluginManager: Mounting plugin PerforceSourceControl
LogPluginManager: Mounting plugin PluginUtils
LogPluginManager: Mounting plugin RiderSourceCodeAccess
LogPluginManager: Mounting plugin UObjectPlugin
LogPluginManager: Mounting plugin NullSourceCodeAccess
LogPluginManager: Mounting plugin VisualStudioSourceCodeAccess
LogPluginManager: Mounting plugin XCodeSourceCodeAccess
LogPluginManager: Mounting plugin VisualStudioCodeSourceCodeAccess
LogPluginManager: Mounting plugin LuminPlatformFeatures
LogPluginManager: Mounting plugin TextureFormatOodle
LogPluginManager: Mounting plugin SubversionSourceControl
LogPluginManager: Mounting plugin MagicLeap
LogPluginManager: Mounting plugin MLSDK
LogPluginManager: Mounting plugin MagicLeapMedia
LogPluginManager: Mounting plugin MagicLeapLightEstimation
LogPluginManager: Mounting plugin GeometryCache
LogPluginManager: Mounting plugin MagicLeapPassableWorld
LogPluginManager: Mounting plugin GeometryCollectionPlugin
LogPluginManager: Mounting plugin GeometryProcessing
LogPluginManager: Mounting plugin MotoSynth
LogPluginManager: Mounting plugin ProxyLODPlugin
LogPluginManager: Mounting plugin PlatformCrypto
LogPluginManager: Mounting plugin PythonScriptPlugin
LogPluginManager: Mounting plugin PlanarCut
LogPluginManager: Mounting plugin OpenImageDenoise
LogPluginManager: Mounting plugin SkeletalReduction
LogPluginManager: Mounting plugin AvfMedia
LogPluginManager: Mounting plugin AndroidMedia
LogPluginManager: Mounting plugin ImgMedia
LogPluginManager: Mounting plugin MediaCompositing
LogPluginManager: Mounting plugin TcpMessaging
LogPluginManager: Mounting plugin WebMMedia
LogPluginManager: Mounting plugin WmfMedia
LogPluginManager: Mounting plugin UdpMessaging
LogPluginManager: Mounting plugin MediaPlayerEditor
LogPluginManager: Mounting plugin OnlineSubsystem
LogPluginManager: Mounting plugin OnlineSubsystemUtils
LogPluginManager: Mounting plugin ActorSequence
LogPluginManager: Mounting plugin LevelSequenceEditor
LogPluginManager: Mounting plugin OnlineSubsystemNull
LogPluginManager: Mounting plugin TemplateSequence
LogPluginManager: Mounting plugin MatineeToLevelSequence
LogPluginManager: Mounting plugin AndroidDeviceProfileSelector
LogPluginManager: Mounting plugin AppleMoviePlayer
LogPluginManager: Mounting plugin AndroidPermission
LogPluginManager: Mounting plugin AssetTags
LogPluginManager: Mounting plugin ActorLayerUtilities
LogPluginManager: Mounting plugin LauncherChunkInstaller
LogPluginManager: Mounting plugin AudioSynesthesia
LogPluginManager: Mounting plugin ChunkDownloader
LogPluginManager: Mounting plugin AudioCapture
LogPluginManager: Mounting plugin CustomMeshComponent
LogPluginManager: Mounting plugin AndroidMoviePlayer
LogPluginManager: Mounting plugin EditableMesh
LogPluginManager: Mounting plugin CableComponent
LogPluginManager: Mounting plugin ArchVisCharacter
LogPluginManager: Mounting plugin ExampleDeviceProfileSelector
LogPluginManager: Mounting plugin GoogleCloudMessaging
LogPluginManager: Mounting plugin GooglePAD
LogPluginManager: Mounting plugin AppleImageUtils
LogPluginManager: Mounting plugin IOSDeviceProfileSelector
LogPluginManager: Mounting plugin LinuxDeviceProfileSelector
LogPluginManager: Mounting plugin LocationServicesBPLibrary
LogPluginManager: Mounting plugin MobilePatchingUtils
LogPluginManager: Mounting plugin OpenXREyeTracker
LogPluginManager: Mounting plugin ScreenshotTools
LogPluginManager: Mounting plugin OpenXRHandTracking
LogPluginManager: Mounting plugin PostSplashScreen
LogPluginManager: Mounting plugin PhysXVehicles
LogPluginManager: Mounting plugin OpenXR
LogPluginManager: Mounting plugin PropertyAccessEditor
LogPluginManager: Mounting plugin ProceduralMeshComponent
LogPluginManager: Mounting plugin RuntimePhysXCooking
LogPluginManager: Mounting plugin SoundFields
LogPluginManager: Mounting plugin SignificanceManager
LogPluginManager: Mounting plugin Synthesis
LogPluginManager: Mounting plugin WebMMoviePlayer
LogPluginManager: Mounting plugin WindowsMoviePlayer
LogPluginManager: Mounting plugin Takes
LogPluginManager: Mounting plugin ContentBrowserAssetDataSource
LogPluginManager: Mounting plugin ContentBrowserClassDataSource
LogPluginManager: Mounting plugin ContentBrowserFileDataSource
LogPluginManager: Mounting plugin OnlineSubsystemIOS
LogPluginManager: Mounting plugin OnlineSubsystemGooglePlay
LogPluginManager: Mounting plugin OculusVR
LogPluginManager: Mounting plugin SteamVR
PixWinPlugin: PIX capture plugin failed to initialize! Check that the process is launched from PIX.
LogLuminAPIImpl: Warning: MLSDK not found.  This likely means the MLSDK environment variable is not set.
LogInit: Using libcurl 7.55.1-DEV
LogInit:  - built for x86_64-pc-win32
LogInit:  - supports SSL with OpenSSL/1.1.1
LogInit:  - supports HTTP deflate (compression) using libz 1.2.8
LogInit:  - other features:
LogInit:      CURL_VERSION_SSL
LogInit:      CURL_VERSION_LIBZ
LogInit:      CURL_VERSION_IPV6
LogInit:      CURL_VERSION_ASYNCHDNS
LogInit:      CURL_VERSION_LARGEFILE
LogInit:      CURL_VERSION_IDN
LogInit:  CurlRequestOptions (configurable via config and command line):
LogInit:  - bVerifyPeer = true  - Libcurl will verify peer certificate
LogInit:  - bUseHttpProxy = false  - Libcurl will NOT use HTTP proxy
LogInit:  - bDontReuseConnections = false  - Libcurl will reuse connections
LogInit:  - MaxHostConnections = 16  - Libcurl will limit the number of connections to a host
LogInit:  - LocalHostAddr = Default
LogInit:  - BufferSize = 65536
LogOnline: OSS: Creating online subsystem instance for: NULL
LogInit: WinSock: version 1.1 (2.2), MaxSocks=32767, MaxUdp=65467
LogOnline: OSS: TryLoadSubsystemAndSetDefault: Loaded subsystem for module [NULL]
LogOculusPluginWrapper: OculusPlugin initialized successfully
LogHMD: Failed initializing OVRPlugin 1.59.0
LogInit: Build: ++UE4+Release-4.27-CL-18319896
LogInit: Engine Version: 4.27.2-18319896+++UE4+Release-4.27
LogInit: Compatible Engine Version: 4.27.0-17155196+++UE4+Release-4.27
LogInit: Net CL: 17155196
LogInit: OS: Windows 10 (Release 2009) (), CPU: 12th Gen Intel(R) Core(TM) i9-12900KF, GPU: NVIDIA GeForce RTX 3080 Ti
LogInit: Compiled (64-bit): Nov 30 2021 07:12:08
LogInit: Compiled with Visual C++: 19.24.28315.00
LogInit: Build Configuration: Development
LogInit: Branch Name: ++UE4+Release-4.27
LogInit: Command Line: 
LogInit: Base Directory: C:/Program Files/Epic Games/UE_4.27/Engine/Binaries/Win64/
LogInit: Allocator: TBB
LogInit: Installed Engine Build: 1
LogDevObjectVersion: Number of dev versions registered: 29
LogDevObjectVersion:   Dev-Blueprints (B0D832E4-1F89-4F0D-ACCF-7EB736FD4AA2): 10
LogDevObjectVersion:   Dev-Build (E1C64328-A22C-4D53-A36C-8E866417BD8C): 0
LogDevObjectVersion:   Dev-Core (375EC13C-06E4-48FB-B500-84F0262A717E): 4
LogDevObjectVersion:   Dev-Editor (E4B068ED-F494-42E9-A231-DA0B2E46BB41): 40
LogDevObjectVersion:   Dev-Framework (CFFC743F-43B0-4480-9391-14DF171D2073): 37
LogDevObjectVersion:   Dev-Mobile (B02B49B5-BB20-44E9-A304-32B752E40360): 3
LogDevObjectVersion:   Dev-Networking (A4E4105C-59A1-49B5-A7C5-40C4547EDFEE): 0
LogDevObjectVersion:   Dev-Online (39C831C9-5AE6-47DC-9A44-9C173E1C8E7C): 0
LogDevObjectVersion:   Dev-Physics (78F01B33-EBEA-4F98-B9B4-84EACCB95AA2): 14
LogDevObjectVersion:   Dev-Platform (6631380F-2D4D-43E0-8009-CF276956A95A): 0
LogDevObjectVersion:   Dev-Rendering (12F88B9F-8875-4AFC-A67C-D90C383ABD29): 45
LogDevObjectVersion:   Dev-Sequencer (7B5AE74C-D270-4C10-A958-57980B212A5A): 13
LogDevObjectVersion:   Dev-VR (D7296918-1DD6-4BDD-9DE2-64A83CC13884): 3
LogDevObjectVersion:   Dev-LoadTimes (C2A15278-BFE7-4AFE-6C17-90FF531DF755): 1
LogDevObjectVersion:   Private-Geometry (6EACA3D4-40EC-4CC1-B786-8BED09428FC5): 3
LogDevObjectVersion:   Dev-AnimPhys (29E575DD-E0A3-4627-9D10-D276232CDCEA): 17
LogDevObjectVersion:   Dev-Anim (AF43A65D-7FD3-4947-9873-3E8ED9C1BB05): 15
LogDevObjectVersion:   Dev-ReflectionCapture (6B266CEC-1EC7-4B8F-A30B-E4D90942FC07): 1
LogDevObjectVersion:   Dev-Automation (0DF73D61-A23F-47EA-B727-89E90C41499A): 1
LogDevObjectVersion:   FortniteMain (601D1886-AC64-4F84-AA16-D3DE0DEAC7D6): 47
LogDevObjectVersion:   FortniteRelease (E7086368-6B23-4C58-8439-1B7016265E91): 1
LogDevObjectVersion:   Dev-Enterprise (9DFFBCD6-494F-0158-E221-12823C92A888): 10
LogDevObjectVersion:   Dev-Niagara (F2AED0AC-9AFE-416F-8664-AA7FFA26D6FC): 1
LogDevObjectVersion:   Dev-Destruction (174F1F0B-B4C6-45A5-B13F-2EE8D0FB917D): 10
LogDevObjectVersion:   Dev-Physics-Ext (35F94A83-E258-406C-A318-09F59610247C): 41
LogDevObjectVersion:   Dev-PhysicsMaterial-Chaos (B68FC16E-8B1B-42E2-B453-215C058844FE): 1
LogDevObjectVersion:   Dev-CineCamera (B2E18506-4273-CFC2-A54E-F4BB758BBA07): 1
LogDevObjectVersion:   Dev-VirtualProduction (64F58936-FD1B-42BA-BA96-7289D5D0FA4E): 1
LogDevObjectVersion:   Dev-MediaFramework (6F0ED827-A609-4895-9C91-998D90180EA4): 2
LogInit: Presizing for max 25165824 objects, including 0 objects not considered by GC, pre-allocating 0 bytes for permanent pool.
LogConfig: Applying CVar settings from Section [/Script/Engine.StreamingSettings] File [C:/Users/lingg/Documents/GitHub/UnrealProject/Project3/Saved/Config/Windows/Engine.ini]
LogConfig: Setting CVar [[s.MinBulkDataSizeForAsyncLoading:131072]]
LogConfig: Setting CVar [[s.AsyncLoadingThreadEnabled:0]]
LogConfig: Setting CVar [[s.EventDrivenLoaderEnabled:1]]
LogConfig: Setting CVar [[s.WarnIfTimeLimitExceeded:0]]
LogConfig: Setting CVar [[s.TimeLimitExceededMultiplier:1.5]]
LogConfig: Setting CVar [[s.TimeLimitExceededMinTime:0.005]]
LogConfig: Setting CVar [[s.UseBackgroundLevelStreaming:1]]
LogConfig: Setting CVar [[s.PriorityAsyncLoadingExtraTime:15.0]]
LogConfig: Setting CVar [[s.LevelStreamingActorsUpdateTimeLimit:5.0]]
LogConfig: Setting CVar [[s.PriorityLevelStreamingActorsUpdateExtraTime:5.0]]
LogConfig: Setting CVar [[s.LevelStreamingComponentsRegistrationGranularity:10]]
LogConfig: Setting CVar [[s.UnregisterComponentsTimeLimit:1.0]]
LogConfig: Setting CVar [[s.LevelStreamingComponentsUnregistrationGranularity:5]]
LogConfig: Setting CVar [[s.FlushStreamingOnExit:1]]
LogInit: Object subsystem initialized
LogConfig: Setting CVar [[con.DebugEarlyDefault:1]]
LogConfig: Setting CVar [[r.setres:1280x720]]
[2022.10.04-18.20.20:034][  0]LogConfig: Setting CVar [[r.VSync:0]]
[2022.10.04-18.20.20:034][  0]LogConfig: Setting CVar [[r.RHICmdBypass:0]]
[2022.10.04-18.20.20:034][  0]LogConfig: Applying CVar settings from Section [/Script/Engine.RendererSettings] File [C:/Users/lingg/Documents/GitHub/UnrealProject/Project3/Saved/Config/Windows/Engine.ini]
[2022.10.04-18.20.20:035][  0]LogConfig: Setting CVar [[r.GPUCrashDebugging:0]]
[2022.10.04-18.20.20:035][  0]LogConfig: Applying CVar settings from Section [/Script/Engine.RendererOverrideSettings] File [C:/Users/lingg/Documents/GitHub/UnrealProject/Project3/Saved/Config/Windows/Engine.ini]
[2022.10.04-18.20.20:035][  0]LogConfig: Applying CVar settings from Section [/Script/Engine.StreamingSettings] File [C:/Users/lingg/Documents/GitHub/UnrealProject/Project3/Saved/Config/Windows/Engine.ini]
[2022.10.04-18.20.20:035][  0]LogConfig: Setting CVar [[s.MinBulkDataSizeForAsyncLoading:131072]]
[2022.10.04-18.20.20:035][  0]LogConfig: Setting CVar [[s.AsyncLoadingThreadEnabled:0]]
[2022.10.04-18.20.20:035][  0]LogConfig: Setting CVar [[s.EventDrivenLoaderEnabled:1]]
[2022.10.04-18.20.20:035][  0]LogConfig: Setting CVar [[s.WarnIfTimeLimitExceeded:0]]
[2022.10.04-18.20.20:035][  0]LogConfig: Setting CVar [[s.TimeLimitExceededMultiplier:1.5]]
[2022.10.04-18.20.20:035][  0]LogConfig: Setting CVar [[s.TimeLimitExceededMinTime:0.005]]
[2022.10.04-18.20.20:035][  0]LogConfig: Setting CVar [[s.UseBackgroundLevelStreaming:1]]
[2022.10.04-18.20.20:035][  0]LogConfig: Setting CVar [[s.PriorityAsyncLoadingExtraTime:15.0]]
[2022.10.04-18.20.20:035][  0]LogConfig: Setting CVar [[s.LevelStreamingActorsUpdateTimeLimit:5.0]]
[2022.10.04-18.20.20:035][  0]LogConfig: Setting CVar [[s.PriorityLevelStreamingActorsUpdateExtraTime:5.0]]
[2022.10.04-18.20.20:035][  0]LogConfig: Setting CVar [[s.LevelStreamingComponentsRegistrationGranularity:10]]
[2022.10.04-18.20.20:035][  0]LogConfig: Setting CVar [[s.UnregisterComponentsTimeLimit:1.0]]
[2022.10.04-18.20.20:035][  0]LogConfig: Setting CVar [[s.LevelStreamingComponentsUnregistrationGranularity:5]]
[2022.10.04-18.20.20:035][  0]LogConfig: Setting CVar [[s.FlushStreamingOnExit:1]]
[2022.10.04-18.20.20:035][  0]LogConfig: Applying CVar settings from Section [/Script/Engine.GarbageCollectionSettings] File [C:/Users/lingg/Documents/GitHub/UnrealProject/Project3/Saved/Config/Windows/Engine.ini]
[2022.10.04-18.20.20:035][  0]LogConfig: Setting CVar [[gc.MaxObjectsNotConsideredByGC:1]]
[2022.10.04-18.20.20:035][  0]LogConfig: Setting CVar [[gc.SizeOfPermanentObjectPool:0]]
[2022.10.04-18.20.20:035][  0]LogConfig: Setting CVar [[gc.FlushStreamingOnGC:0]]
[2022.10.04-18.20.20:035][  0]LogConfig: Setting CVar [[gc.NumRetriesBeforeForcingGC:10]]
[2022.10.04-18.20.20:035][  0]LogConfig: Setting CVar [[gc.AllowParallelGC:1]]
[2022.10.04-18.20.20:035][  0]LogConfig: Setting CVar [[gc.TimeBetweenPurgingPendingKillObjects:61.1]]
[2022.10.04-18.20.20:035][  0]LogConfig: Setting CVar [[gc.MaxObjectsInEditor:25165824]]
[2022.10.04-18.20.20:035][  0]LogConfig: Setting CVar [[gc.IncrementalBeginDestroyEnabled:1]]
[2022.10.04-18.20.20:035][  0]LogConfig: Setting CVar [[gc.CreateGCClusters:1]]
[2022.10.04-18.20.20:035][  0]LogConfig: Setting CVar [[gc.MinGCClusterSize:5]]
[2022.10.04-18.20.20:035][  0]LogConfig: Setting CVar [[gc.ActorClusteringEnabled:0]]
[2022.10.04-18.20.20:035][  0]LogConfig: Setting CVar [[gc.BlueprintClusteringEnabled:0]]
[2022.10.04-18.20.20:035][  0]LogConfig: Setting CVar [[gc.UseDisregardForGCOnDedicatedServers:0]]
[2022.10.04-18.20.20:035][  0]LogConfig: Setting CVar [[gc.MultithreadedDestructionEnabled:1]]
[2022.10.04-18.20.20:035][  0]LogConfig: Applying CVar settings from Section [/Script/Engine.NetworkSettings] File [C:/Users/lingg/Documents/GitHub/UnrealProject/Project3/Saved/Config/Windows/Engine.ini]
[2022.10.04-18.20.20:035][  0]LogConfig: Applying CVar settings from Section [/Script/UnrealEd.CookerSettings] File [C:/Users/lingg/Documents/GitHub/UnrealProject/Project3/Saved/Config/Windows/Engine.ini]
[2022.10.04-18.20.20:054][  0]LogConfig: Applying CVar settings from Section [ViewDistanceQuality@3] File [C:/Users/lingg/Documents/GitHub/UnrealProject/Project3/Saved/Config/Windows/Scalability.ini]
[2022.10.04-18.20.20:054][  0]LogConfig: Setting CVar [[r.SkeletalMeshLODBias:0]]
[2022.10.04-18.20.20:054][  0]LogConfig: Setting CVar [[r.ViewDistanceScale:1.0]]
[2022.10.04-18.20.20:054][  0]LogConfig: Applying CVar settings from Section [AntiAliasingQuality@3] File [C:/Users/lingg/Documents/GitHub/UnrealProject/Project3/Saved/Config/Windows/Scalability.ini]
[2022.10.04-18.20.20:054][  0]LogConfig: Setting CVar [[r.PostProcessAAQuality:4]]
[2022.10.04-18.20.20:054][  0]LogConfig: Applying CVar settings from Section [ShadowQuality@3] File [C:/Users/lingg/Documents/GitHub/UnrealProject/Project3/Saved/Config/Windows/Scalability.ini]
[2022.10.04-18.20.20:054][  0]LogConfig: Setting CVar [[r.LightFunctionQuality:1]]
[2022.10.04-18.20.20:054][  0]LogConfig: Setting CVar [[r.ShadowQuality:5]]
[2022.10.04-18.20.20:054][  0]LogConfig: Setting CVar [[r.Shadow.CSM.MaxCascades:10]]
[2022.10.04-18.20.20:054][  0]LogConfig: Setting CVar [[r.Shadow.MaxResolution:2048]]
[2022.10.04-18.20.20:054][  0]LogConfig: Setting CVar [[r.Shadow.MaxCSMResolution:2048]]
[2022.10.04-18.20.20:054][  0]LogConfig: Setting CVar [[r.Shadow.RadiusThreshold:0.01]]
[2022.10.04-18.20.20:054][  0]LogConfig: Setting CVar [[r.Shadow.DistanceScale:1.0]]
[2022.10.04-18.20.20:054][  0]LogConfig: Setting CVar [[r.Shadow.CSM.TransitionScale:1.0]]
[2022.10.04-18.20.20:054][  0]LogConfig: Setting CVar [[r.Shadow.PreShadowResolutionFactor:1.0]]
[2022.10.04-18.20.20:054][  0]LogConfig: Setting CVar [[r.DistanceFieldShadowing:1]]
[2022.10.04-18.20.20:054][  0]LogConfig: Setting CVar [[r.DistanceFieldAO:1]]
[2022.10.04-18.20.20:054][  0]LogConfig: Setting CVar [[r.AOQuality:2]]
[2022.10.04-18.20.20:054][  0]LogConfig: Setting CVar [[r.VolumetricFog:1]]
[2022.10.04-18.20.20:054][  0]LogConfig: Setting CVar [[r.VolumetricFog.GridPixelSize:8]]
[2022.10.04-18.20.20:054][  0]LogConfig: Setting CVar [[r.VolumetricFog.GridSizeZ:128]]
[2022.10.04-18.20.20:054][  0]LogConfig: Setting CVar [[r.VolumetricFog.HistoryMissSupersampleCount:4]]
[2022.10.04-18.20.20:054][  0]LogConfig: Setting CVar [[r.LightMaxDrawDistanceScale:1]]
[2022.10.04-18.20.20:054][  0]LogConfig: Setting CVar [[r.CapsuleShadows:1]]
[2022.10.04-18.20.20:054][  0]LogConfig: Applying CVar settings from Section [PostProcessQuality@3] File [C:/Users/lingg/Documents/GitHub/UnrealProject/Project3/Saved/Config/Windows/Scalability.ini]
[2022.10.04-18.20.20:054][  0]LogConfig: Setting CVar [[r.MotionBlurQuality:4]]
[2022.10.04-18.20.20:054][  0]LogConfig: Setting CVar [[r.AmbientOcclusionMipLevelFactor:0.4]]
[2022.10.04-18.20.20:054][  0]LogConfig: Setting CVar [[r.AmbientOcclusionMaxQuality:100]]
[2022.10.04-18.20.20:054][  0]LogConfig: Setting CVar [[r.AmbientOcclusionLevels:-1]]
[2022.10.04-18.20.20:054][  0]LogConfig: Setting CVar [[r.AmbientOcclusionRadiusScale:1.0]]
[2022.10.04-18.20.20:054][  0]LogConfig: Setting CVar [[r.DepthOfFieldQuality:2]]
[2022.10.04-18.20.20:054][  0]LogConfig: Setting CVar [[r.RenderTargetPoolMin:400]]
[2022.10.04-18.20.20:054][  0]LogConfig: Setting CVar [[r.LensFlareQuality:2]]
[2022.10.04-18.20.20:054][  0]LogConfig: Setting CVar [[r.SceneColorFringeQuality:1]]
[2022.10.04-18.20.20:054][  0]LogConfig: Setting CVar [[r.EyeAdaptationQuality:2]]
[2022.10.04-18.20.20:054][  0]LogConfig: Setting CVar [[r.BloomQuality:5]]
[2022.10.04-18.20.20:054][  0]LogConfig: Setting CVar [[r.FastBlurThreshold:100]]
[2022.10.04-18.20.20:054][  0]LogConfig: Setting CVar [[r.Upscale.Quality:3]]
[2022.10.04-18.20.20:054][  0]LogConfig: Setting CVar [[r.Tonemapper.GrainQuantization:1]]
[2022.10.04-18.20.20:054][  0]LogConfig: Setting CVar [[r.LightShaftQuality:1]]
[2022.10.04-18.20.20:054][  0]LogConfig: Setting CVar [[r.Filter.SizeScale:1]]
[2022.10.04-18.20.20:054][  0]LogConfig: Setting CVar [[r.Tonemapper.Quality:5]]
[2022.10.04-18.20.20:054][  0]LogConfig: Setting CVar [[r.DOF.Gather.AccumulatorQuality:1        ; higher gathering accumulator quality]]
[2022.10.04-18.20.20:054][  0]LogConfig: Setting CVar [[r.DOF.Gather.PostfilterMethod:1          ; Median3x3 postfilering method]]
[2022.10.04-18.20.20:054][  0]LogConfig: Setting CVar [[r.DOF.Gather.EnableBokehSettings:0       ; no bokeh simulation when gathering]]
[2022.10.04-18.20.20:054][  0]LogConfig: Setting CVar [[r.DOF.Gather.RingCount:4                 ; medium number of samples when gathering]]
[2022.10.04-18.20.20:054][  0]LogConfig: Setting CVar [[r.DOF.Scatter.ForegroundCompositing:1    ; additive foreground scattering]]
[2022.10.04-18.20.20:054][  0]LogConfig: Setting CVar [[r.DOF.Scatter.BackgroundCompositing:2    ; additive background scattering]]
[2022.10.04-18.20.20:054][  0]LogConfig: Setting CVar [[r.DOF.Scatter.EnableBokehSettings:1      ; bokeh simulation when scattering]]
[2022.10.04-18.20.20:054][  0]LogConfig: Setting CVar [[r.DOF.Scatter.MaxSpriteRatio:0.1         ; only a maximum of 10% of scattered bokeh]]
[2022.10.04-18.20.20:054][  0]LogConfig: Setting CVar [[r.DOF.Recombine.Quality:1                ; cheap slight out of focus]]
[2022.10.04-18.20.20:054][  0]LogConfig: Setting CVar [[r.DOF.Recombine.EnableBokehSettings:0    ; no bokeh simulation on slight out of focus]]
[2022.10.04-18.20.20:054][  0]LogConfig: Setting CVar [[r.DOF.TemporalAAQuality:1                ; more stable temporal accumulation]]
[2022.10.04-18.20.20:054][  0]LogConfig: Setting CVar [[r.DOF.Kernel.MaxForegroundRadius:0.025]]
[2022.10.04-18.20.20:054][  0]LogConfig: Setting CVar [[r.DOF.Kernel.MaxBackgroundRadius:0.025]]
[2022.10.04-18.20.20:054][  0]LogConfig: Applying CVar settings from Section [TextureQuality@3] File [C:/Users/lingg/Documents/GitHub/UnrealProject/Project3/Saved/Config/Windows/Scalability.ini]
[2022.10.04-18.20.20:054][  0]LogConfig: Setting CVar [[r.Streaming.MipBias:0]]
[2022.10.04-18.20.20:054][  0]LogConfig: Setting CVar [[r.Streaming.AmortizeCPUToGPUCopy:0]]
[2022.10.04-18.20.20:054][  0]LogConfig: Setting CVar [[r.Streaming.MaxNumTexturesToStreamPerFrame:0]]
[2022.10.04-18.20.20:054][  0]LogConfig: Setting CVar [[r.Streaming.Boost:1]]
[2022.10.04-18.20.20:054][  0]LogConfig: Setting CVar [[r.MaxAnisotropy:8]]
[2022.10.04-18.20.20:054][  0]LogConfig: Setting CVar [[r.VT.MaxAnisotropy:8]]
[2022.10.04-18.20.20:054][  0]LogConfig: Setting CVar [[r.Streaming.LimitPoolSizeToVRAM:0]]
[2022.10.04-18.20.20:054][  0]LogConfig: Setting CVar [[r.Streaming.PoolSize:1000]]
[2022.10.04-18.20.20:054][  0]LogConfig: Setting CVar [[r.Streaming.MaxEffectiveScreenSize:0]]
[2022.10.04-18.20.20:054][  0]LogConfig: Applying CVar settings from Section [EffectsQuality@3] File [C:/Users/lingg/Documents/GitHub/UnrealProject/Project3/Saved/Config/Windows/Scalability.ini]
[2022.10.04-18.20.20:054][  0]LogConfig: Setting CVar [[r.TranslucencyLightingVolumeDim:64]]
[2022.10.04-18.20.20:054][  0]LogConfig: Setting CVar [[r.RefractionQuality:2]]
[2022.10.04-18.20.20:054][  0]LogConfig: Setting CVar [[r.SSR.Quality:3]]
[2022.10.04-18.20.20:054][  0]LogConfig: Setting CVar [[r.SSR.HalfResSceneColor:0]]
[2022.10.04-18.20.20:054][  0]LogConfig: Setting CVar [[r.SceneColorFormat:4]]
[2022.10.04-18.20.20:054][  0]LogConfig: Setting CVar [[r.DetailMode:2]]
[2022.10.04-18.20.20:054][  0]LogConfig: Setting CVar [[r.TranslucencyVolumeBlur:1]]
[2022.10.04-18.20.20:054][  0]LogConfig: Setting CVar [[r.MaterialQualityLevel:1 ; High quality]]
[2022.10.04-18.20.20:054][  0]LogConfig: Setting CVar [[r.AnisotropicMaterials:1]]
[2022.10.04-18.20.20:054][  0]LogConfig: Setting CVar [[r.SSS.Scale:1]]
[2022.10.04-18.20.20:054][  0]LogConfig: Setting CVar [[r.SSS.SampleSet:2]]
[2022.10.04-18.20.20:054][  0]LogConfig: Setting CVar [[r.SSS.Quality:1]]
[2022.10.04-18.20.20:054][  0]LogConfig: Setting CVar [[r.SSS.HalfRes:0]]
[2022.10.04-18.20.20:054][  0]LogConfig: Setting CVar [[r.SSGI.Quality:3]]
[2022.10.04-18.20.20:054][  0]LogConfig: Setting CVar [[r.EmitterSpawnRateScale:1.0]]
[2022.10.04-18.20.20:054][  0]LogConfig: Setting CVar [[r.ParticleLightQuality:2]]
[2022.10.04-18.20.20:054][  0]LogConfig: Setting CVar [[r.SkyAtmosphere.AerialPerspectiveLUT.FastApplyOnOpaque:1 ; Always have FastSkyLUT 1 in this case to avoid wrong sky]]
[2022.10.04-18.20.20:054][  0]LogConfig: Setting CVar [[r.SkyAtmosphere.AerialPerspectiveLUT.SampleCountMaxPerSlice:4]]
[2022.10.04-18.20.20:054][  0]LogConfig: Setting CVar [[r.SkyAtmosphere.AerialPerspectiveLUT.DepthResolution:16.0]]
[2022.10.04-18.20.20:054][  0]LogConfig: Setting CVar [[r.SkyAtmosphere.FastSkyLUT:1]]
[2022.10.04-18.20.20:054][  0]LogConfig: Setting CVar [[r.SkyAtmosphere.FastSkyLUT.SampleCountMin:4.0]]
[2022.10.04-18.20.20:054][  0]LogConfig: Setting CVar [[r.SkyAtmosphere.FastSkyLUT.SampleCountMax:128.0]]
[2022.10.04-18.20.20:054][  0]LogConfig: Setting CVar [[r.SkyAtmosphere.SampleCountMin:4.0]]
[2022.10.04-18.20.20:054][  0]LogConfig: Setting CVar [[r.SkyAtmosphere.SampleCountMax:128.0]]
[2022.10.04-18.20.20:054][  0]LogConfig: Setting CVar [[r.SkyAtmosphere.TransmittanceLUT.UseSmallFormat:0]]
[2022.10.04-18.20.20:054][  0]LogConfig: Setting CVar [[r.SkyAtmosphere.TransmittanceLUT.SampleCount:10.0]]
[2022.10.04-18.20.20:054][  0]LogConfig: Setting CVar [[r.SkyAtmosphere.MultiScatteringLUT.SampleCount:15.0]]
[2022.10.04-18.20.20:054][  0]LogConfig: Setting CVar [[r.SkyLight.RealTimeReflectionCapture:1]]
[2022.10.04-18.20.20:054][  0]LogConfig: Applying CVar settings from Section [FoliageQuality@3] File [C:/Users/lingg/Documents/GitHub/UnrealProject/Project3/Saved/Config/Windows/Scalability.ini]
[2022.10.04-18.20.20:054][  0]LogConfig: Setting CVar [[foliage.DensityScale:1.0]]
[2022.10.04-18.20.20:054][  0]LogConfig: Setting CVar [[grass.DensityScale:1.0]]
[2022.10.04-18.20.20:054][  0]LogConfig: Applying CVar settings from Section [ShadingQuality@3] File [C:/Users/lingg/Documents/GitHub/UnrealProject/Project3/Saved/Config/Windows/Scalability.ini]
[2022.10.04-18.20.20:054][  0]LogConfig: Setting CVar [[r.HairStrands.SkyLighting.IntegrationType:2]]
[2022.10.04-18.20.20:054][  0]LogConfig: Setting CVar [[r.HairStrands.SkyAO.SampleCount:4]]
[2022.10.04-18.20.20:054][  0]LogConfig: Setting CVar [[r.HairStrands.Visibility.MSAA.SamplePerPixel:4]]
[2022.10.04-18.20.20:054][  0]LogInit: Selected Device Profile: [Windows]
[2022.10.04-18.20.20:054][  0]LogInit: Applying CVar settings loaded from the selected device profile: [Windows]
[2022.10.04-18.20.20:055][  0]LogHAL: Display: Platform has ~ 32 GB [34141798400 / 34359738368 / 32], which maps to Largest [LargestMinGB=32, LargerMinGB=12, DefaultMinGB=8, SmallerMinGB=6, SmallestMinGB=0)
[2022.10.04-18.20.20:055][  0]LogInit: Going up to parent DeviceProfile []
[2022.10.04-18.20.20:055][  0]LogConfig: Applying CVar settings from Section [ViewDistanceQuality@3] File [C:/Users/lingg/Documents/GitHub/UnrealProject/Project3/Saved/Config/Windows/Scalability.ini]
[2022.10.04-18.20.20:055][  0]LogConfig: Setting CVar [[r.SkeletalMeshLODBias:0]]
[2022.10.04-18.20.20:055][  0]LogConfig: Setting CVar [[r.ViewDistanceScale:1.0]]
[2022.10.04-18.20.20:055][  0]LogConfig: Applying CVar settings from Section [AntiAliasingQuality@3] File [C:/Users/lingg/Documents/GitHub/UnrealProject/Project3/Saved/Config/Windows/Scalability.ini]
[2022.10.04-18.20.20:055][  0]LogConfig: Setting CVar [[r.PostProcessAAQuality:4]]
[2022.10.04-18.20.20:055][  0]LogConfig: Applying CVar settings from Section [ShadowQuality@3] File [C:/Users/lingg/Documents/GitHub/UnrealProject/Project3/Saved/Config/Windows/Scalability.ini]
[2022.10.04-18.20.20:055][  0]LogConfig: Setting CVar [[r.LightFunctionQuality:1]]
[2022.10.04-18.20.20:055][  0]LogConfig: Setting CVar [[r.ShadowQuality:5]]
[2022.10.04-18.20.20:055][  0]LogConfig: Setting CVar [[r.Shadow.CSM.MaxCascades:10]]
[2022.10.04-18.20.20:055][  0]LogConfig: Setting CVar [[r.Shadow.MaxResolution:2048]]
[2022.10.04-18.20.20:055][  0]LogConfig: Setting CVar [[r.Shadow.MaxCSMResolution:2048]]
[2022.10.04-18.20.20:055][  0]LogConfig: Setting CVar [[r.Shadow.RadiusThreshold:0.01]]
[2022.10.04-18.20.20:055][  0]LogConfig: Setting CVar [[r.Shadow.DistanceScale:1.0]]
[2022.10.04-18.20.20:055][  0]LogConfig: Setting CVar [[r.Shadow.CSM.TransitionScale:1.0]]
[2022.10.04-18.20.20:055][  0]LogConfig: Setting CVar [[r.Shadow.PreShadowResolutionFactor:1.0]]
[2022.10.04-18.20.20:055][  0]LogConfig: Setting CVar [[r.DistanceFieldShadowing:1]]
[2022.10.04-18.20.20:055][  0]LogConfig: Setting CVar [[r.DistanceFieldAO:1]]
[2022.10.04-18.20.20:055][  0]LogConfig: Setting CVar [[r.AOQuality:2]]
[2022.10.04-18.20.20:055][  0]LogConfig: Setting CVar [[r.VolumetricFog:1]]
[2022.10.04-18.20.20:055][  0]LogConfig: Setting CVar [[r.VolumetricFog.GridPixelSize:8]]
[2022.10.04-18.20.20:055][  0]LogConfig: Setting CVar [[r.VolumetricFog.GridSizeZ:128]]
[2022.10.04-18.20.20:055][  0]LogConfig: Setting CVar [[r.VolumetricFog.HistoryMissSupersampleCount:4]]
[2022.10.04-18.20.20:055][  0]LogConfig: Setting CVar [[r.LightMaxDrawDistanceScale:1]]
[2022.10.04-18.20.20:055][  0]LogConfig: Setting CVar [[r.CapsuleShadows:1]]
[2022.10.04-18.20.20:055][  0]LogConfig: Applying CVar settings from Section [PostProcessQuality@3] File [C:/Users/lingg/Documents/GitHub/UnrealProject/Project3/Saved/Config/Windows/Scalability.ini]
[2022.10.04-18.20.20:055][  0]LogConfig: Setting CVar [[r.MotionBlurQuality:4]]
[2022.10.04-18.20.20:055][  0]LogConfig: Setting CVar [[r.AmbientOcclusionMipLevelFactor:0.4]]
[2022.10.04-18.20.20:055][  0]LogConfig: Setting CVar [[r.AmbientOcclusionMaxQuality:100]]
[2022.10.04-18.20.20:055][  0]LogConfig: Setting CVar [[r.AmbientOcclusionLevels:-1]]
[2022.10.04-18.20.20:055][  0]LogConfig: Setting CVar [[r.AmbientOcclusionRadiusScale:1.0]]
[2022.10.04-18.20.20:055][  0]LogConfig: Setting CVar [[r.DepthOfFieldQuality:2]]
[2022.10.04-18.20.20:055][  0]LogConfig: Setting CVar [[r.RenderTargetPoolMin:400]]
[2022.10.04-18.20.20:055][  0]LogConfig: Setting CVar [[r.LensFlareQuality:2]]
[2022.10.04-18.20.20:055][  0]LogConfig: Setting CVar [[r.SceneColorFringeQuality:1]]
[2022.10.04-18.20.20:055][  0]LogConfig: Setting CVar [[r.EyeAdaptationQuality:2]]
[2022.10.04-18.20.20:055][  0]LogConfig: Setting CVar [[r.BloomQuality:5]]
[2022.10.04-18.20.20:055][  0]LogConfig: Setting CVar [[r.FastBlurThreshold:100]]
[2022.10.04-18.20.20:055][  0]LogConfig: Setting CVar [[r.Upscale.Quality:3]]
[2022.10.04-18.20.20:055][  0]LogConfig: Setting CVar [[r.Tonemapper.GrainQuantization:1]]
[2022.10.04-18.20.20:055][  0]LogConfig: Setting CVar [[r.LightShaftQuality:1]]
[2022.10.04-18.20.20:055][  0]LogConfig: Setting CVar [[r.Filter.SizeScale:1]]
[2022.10.04-18.20.20:055][  0]LogConfig: Setting CVar [[r.Tonemapper.Quality:5]]
[2022.10.04-18.20.20:055][  0]LogConfig: Setting CVar [[r.DOF.Gather.AccumulatorQuality:1        ; higher gathering accumulator quality]]
[2022.10.04-18.20.20:055][  0]LogConfig: Setting CVar [[r.DOF.Gather.PostfilterMethod:1          ; Median3x3 postfilering method]]
[2022.10.04-18.20.20:055][  0]LogConfig: Setting CVar [[r.DOF.Gather.EnableBokehSettings:0       ; no bokeh simulation when gathering]]
[2022.10.04-18.20.20:055][  0]LogConfig: Setting CVar [[r.DOF.Gather.RingCount:4                 ; medium number of samples when gathering]]
[2022.10.04-18.20.20:055][  0]LogConfig: Setting CVar [[r.DOF.Scatter.ForegroundCompositing:1    ; additive foreground scattering]]
[2022.10.04-18.20.20:055][  0]LogConfig: Setting CVar [[r.DOF.Scatter.BackgroundCompositing:2    ; additive background scattering]]
[2022.10.04-18.20.20:055][  0]LogConfig: Setting CVar [[r.DOF.Scatter.EnableBokehSettings:1      ; bokeh simulation when scattering]]
[2022.10.04-18.20.20:055][  0]LogConfig: Setting CVar [[r.DOF.Scatter.MaxSpriteRatio:0.1         ; only a maximum of 10% of scattered bokeh]]
[2022.10.04-18.20.20:055][  0]LogConfig: Setting CVar [[r.DOF.Recombine.Quality:1                ; cheap slight out of focus]]
[2022.10.04-18.20.20:055][  0]LogConfig: Setting CVar [[r.DOF.Recombine.EnableBokehSettings:0    ; no bokeh simulation on slight out of focus]]
[2022.10.04-18.20.20:055][  0]LogConfig: Setting CVar [[r.DOF.TemporalAAQuality:1                ; more stable temporal accumulation]]
[2022.10.04-18.20.20:055][  0]LogConfig: Setting CVar [[r.DOF.Kernel.MaxForegroundRadius:0.025]]
[2022.10.04-18.20.20:055][  0]LogConfig: Setting CVar [[r.DOF.Kernel.MaxBackgroundRadius:0.025]]
[2022.10.04-18.20.20:055][  0]LogConfig: Applying CVar settings from Section [TextureQuality@3] File [C:/Users/lingg/Documents/GitHub/UnrealProject/Project3/Saved/Config/Windows/Scalability.ini]
[2022.10.04-18.20.20:055][  0]LogConfig: Setting CVar [[r.Streaming.MipBias:0]]
[2022.10.04-18.20.20:055][  0]LogConfig: Setting CVar [[r.Streaming.AmortizeCPUToGPUCopy:0]]
[2022.10.04-18.20.20:055][  0]LogConfig: Setting CVar [[r.Streaming.MaxNumTexturesToStreamPerFrame:0]]
[2022.10.04-18.20.20:055][  0]LogConfig: Setting CVar [[r.Streaming.Boost:1]]
[2022.10.04-18.20.20:055][  0]LogConfig: Setting CVar [[r.MaxAnisotropy:8]]
[2022.10.04-18.20.20:055][  0]LogConfig: Setting CVar [[r.VT.MaxAnisotropy:8]]
[2022.10.04-18.20.20:055][  0]LogConfig: Setting CVar [[r.Streaming.LimitPoolSizeToVRAM:0]]
[2022.10.04-18.20.20:055][  0]LogConfig: Setting CVar [[r.Streaming.PoolSize:1000]]
[2022.10.04-18.20.20:055][  0]LogConfig: Setting CVar [[r.Streaming.MaxEffectiveScreenSize:0]]
[2022.10.04-18.20.20:055][  0]LogConfig: Applying CVar settings from Section [EffectsQuality@3] File [C:/Users/lingg/Documents/GitHub/UnrealProject/Project3/Saved/Config/Windows/Scalability.ini]
[2022.10.04-18.20.20:055][  0]LogConfig: Setting CVar [[r.TranslucencyLightingVolumeDim:64]]
[2022.10.04-18.20.20:055][  0]LogConfig: Setting CVar [[r.RefractionQuality:2]]
[2022.10.04-18.20.20:055][  0]LogConfig: Setting CVar [[r.SSR.Quality:3]]
[2022.10.04-18.20.20:055][  0]LogConfig: Setting CVar [[r.SSR.HalfResSceneColor:0]]
[2022.10.04-18.20.20:055][  0]LogConfig: Setting CVar [[r.SceneColorFormat:4]]
[2022.10.04-18.20.20:055][  0]LogConfig: Setting CVar [[r.DetailMode:2]]
[2022.10.04-18.20.20:055][  0]LogConfig: Setting CVar [[r.TranslucencyVolumeBlur:1]]
[2022.10.04-18.20.20:055][  0]LogConfig: Setting CVar [[r.MaterialQualityLevel:1 ; High quality]]
[2022.10.04-18.20.20:055][  0]LogConfig: Setting CVar [[r.AnisotropicMaterials:1]]
[2022.10.04-18.20.20:055][  0]LogConfig: Setting CVar [[r.SSS.Scale:1]]
[2022.10.04-18.20.20:055][  0]LogConfig: Setting CVar [[r.SSS.SampleSet:2]]
[2022.10.04-18.20.20:055][  0]LogConfig: Setting CVar [[r.SSS.Quality:1]]
[2022.10.04-18.20.20:055][  0]LogConfig: Setting CVar [[r.SSS.HalfRes:0]]
[2022.10.04-18.20.20:055][  0]LogConfig: Setting CVar [[r.SSGI.Quality:3]]
[2022.10.04-18.20.20:055][  0]LogConfig: Setting CVar [[r.EmitterSpawnRateScale:1.0]]
[2022.10.04-18.20.20:055][  0]LogConfig: Setting CVar [[r.ParticleLightQuality:2]]
[2022.10.04-18.20.20:055][  0]LogConfig: Setting CVar [[r.SkyAtmosphere.AerialPerspectiveLUT.FastApplyOnOpaque:1 ; Always have FastSkyLUT 1 in this case to avoid wrong sky]]
[2022.10.04-18.20.20:055][  0]LogConfig: Setting CVar [[r.SkyAtmosphere.AerialPerspectiveLUT.SampleCountMaxPerSlice:4]]
[2022.10.04-18.20.20:055][  0]LogConfig: Setting CVar [[r.SkyAtmosphere.AerialPerspectiveLUT.DepthResolution:16.0]]
[2022.10.04-18.20.20:055][  0]LogConfig: Setting CVar [[r.SkyAtmosphere.FastSkyLUT:1]]
[2022.10.04-18.20.20:055][  0]LogConfig: Setting CVar [[r.SkyAtmosphere.FastSkyLUT.SampleCountMin:4.0]]
[2022.10.04-18.20.20:055][  0]LogConfig: Setting CVar [[r.SkyAtmosphere.FastSkyLUT.SampleCountMax:128.0]]
[2022.10.04-18.20.20:055][  0]LogConfig: Setting CVar [[r.SkyAtmosphere.SampleCountMin:4.0]]
[2022.10.04-18.20.20:055][  0]LogConfig: Setting CVar [[r.SkyAtmosphere.SampleCountMax:128.0]]
[2022.10.04-18.20.20:055][  0]LogConfig: Setting CVar [[r.SkyAtmosphere.TransmittanceLUT.UseSmallFormat:0]]
[2022.10.04-18.20.20:055][  0]LogConfig: Setting CVar [[r.SkyAtmosphere.TransmittanceLUT.SampleCount:10.0]]
[2022.10.04-18.20.20:055][  0]LogConfig: Setting CVar [[r.SkyAtmosphere.MultiScatteringLUT.SampleCount:15.0]]
[2022.10.04-18.20.20:055][  0]LogConfig: Setting CVar [[r.SkyLight.RealTimeReflectionCapture:1]]
[2022.10.04-18.20.20:055][  0]LogConfig: Applying CVar settings from Section [FoliageQuality@3] File [C:/Users/lingg/Documents/GitHub/UnrealProject/Project3/Saved/Config/Windows/Scalability.ini]
[2022.10.04-18.20.20:055][  0]LogConfig: Setting CVar [[foliage.DensityScale:1.0]]
[2022.10.04-18.20.20:055][  0]LogConfig: Setting CVar [[grass.DensityScale:1.0]]
[2022.10.04-18.20.20:055][  0]LogConfig: Applying CVar settings from Section [ShadingQuality@3] File [C:/Users/lingg/Documents/GitHub/UnrealProject/Project3/Saved/Config/Windows/Scalability.ini]
[2022.10.04-18.20.20:055][  0]LogConfig: Setting CVar [[r.HairStrands.SkyLighting.IntegrationType:2]]
[2022.10.04-18.20.20:055][  0]LogConfig: Setting CVar [[r.HairStrands.SkyAO.SampleCount:4]]
[2022.10.04-18.20.20:055][  0]LogConfig: Setting CVar [[r.HairStrands.Visibility.MSAA.SamplePerPixel:4]]
[2022.10.04-18.20.20:055][  0]LogConfig: Applying CVar settings from Section [Startup] File [../../../Engine/Config/ConsoleVariables.ini]
[2022.10.04-18.20.20:055][  0]LogConfig: Setting CVar [[net.UseAdaptiveNetUpdateFrequency:0]]
[2022.10.04-18.20.20:055][  0]LogConfig: Setting CVar [[p.chaos.AllowCreatePhysxBodies:1]]
[2022.10.04-18.20.20:055][  0]LogConfig: Setting CVar [[fx.SkipVectorVMBackendOptimizations:1]]
[2022.10.04-18.20.20:055][  0]LogConfig: Applying CVar settings from Section [ConsoleVariables] File [C:/Users/lingg/Documents/GitHub/UnrealProject/Project3/Saved/Config/Windows/Engine.ini]
[2022.10.04-18.20.20:055][  0]LogConfig: Applying CVar settings from Section [ConsoleVariables] File [C:/Users/lingg/Documents/GitHub/UnrealProject/Project3/Saved/Config/Windows/Editor.ini]
[2022.10.04-18.20.20:055][  0]LogInit: Computer: NIGHTINTHEWOODS
[2022.10.04-18.20.20:055][  0]LogInit: User: lingg
[2022.10.04-18.20.20:055][  0]LogInit: CPU Page size=4096, Cores=16
[2022.10.04-18.20.20:055][  0]LogInit: High frequency timer resolution =10.000000 MHz
[2022.10.04-18.20.20:055][  0]LogMemory: Memory total: Physical=31.8GB (32GB approx)
[2022.10.04-18.20.20:055][  0]LogMemory: Platform Memory Stats for Windows
[2022.10.04-18.20.20:055][  0]LogMemory: Process Physical Memory: 149.97 MB used, 149.97 MB peak
[2022.10.04-18.20.20:055][  0]LogMemory: Process Virtual Memory: 132.34 MB used, 132.34 MB peak
[2022.10.04-18.20.20:055][  0]LogMemory: Physical Memory: 11972.03 MB used,  20588.12 MB free, 32560.16 MB total
[2022.10.04-18.20.20:056][  0]LogMemory: Virtual Memory: 134195840.00 MB used,  21886.23 MB free, 134217728.00 MB total
[2022.10.04-18.20.20:241][  0]LogWindows: WindowsPlatformFeatures enabled
[2022.10.04-18.20.20:283][  0]LogInit: Physics initialised using underlying interface: PhysX
[2022.10.04-18.20.20:283][  0]LogInit: Overriding language with editor language configuration option (en).
[2022.10.04-18.20.20:283][  0]LogInit: Overriding language with editor locale configuration option (en).
[2022.10.04-18.20.20:415][  0]LogInit: Setting process to per monitor DPI aware
[2022.10.04-18.20.20:424][  0]LogWindowsTextInputMethodSystem: Display: IME system deactivated.
[2022.10.04-18.20.20:432][  0]LogSlate: New Slate User Created.  User Index 0, Is Virtual User: 0
[2022.10.04-18.20.20:432][  0]LogSlate: Slate User Registered.  User Index 0, Is Virtual User: 0
[2022.10.04-18.20.20:531][  0]LogD3D11RHI: Loaded GFSDK_Aftermath_Lib.x64.dll
[2022.10.04-18.20.20:533][  0]LogHMD: Failed to initialize OpenVR with code 110
[2022.10.04-18.20.20:534][  0]LogD3D11RHI: D3D11 min allowed feature level: 11_0
[2022.10.04-18.20.20:534][  0]LogD3D11RHI: D3D11 max allowed feature level: 11_0
[2022.10.04-18.20.20:534][  0]LogD3D11RHI: D3D11 adapters:
[2022.10.04-18.20.20:601][  0]LogD3D11RHI:    0. 'NVIDIA GeForce RTX 3080 Ti' (Feature Level 11_0)
[2022.10.04-18.20.20:601][  0]LogD3D11RHI:       12108/0/16280 MB DedicatedVideo/DedicatedSystem/SharedSystem, Outputs:1, VendorId:0x10de
[2022.10.04-18.20.20:603][  0]LogD3D11RHI:    1. 'Microsoft Basic Render Driver' (Feature Level 11_0)
[2022.10.04-18.20.20:603][  0]LogD3D11RHI:       0/0/16280 MB DedicatedVideo/DedicatedSystem/SharedSystem, Outputs:0, VendorId:0x1414
[2022.10.04-18.20.20:603][  0]LogD3D11RHI: Chosen D3D11 Adapter:
[2022.10.04-18.20.20:603][  0]LogD3D11RHI:     Description : NVIDIA GeForce RTX 3080 Ti
[2022.10.04-18.20.20:603][  0]LogD3D11RHI:     VendorId    : 10de
[2022.10.04-18.20.20:603][  0]LogD3D11RHI:     DeviceId    : 2208
[2022.10.04-18.20.20:603][  0]LogD3D11RHI:     SubSysId    : 389d1028
[2022.10.04-18.20.20:603][  0]LogD3D11RHI:     Revision    : 00a1
[2022.10.04-18.20.20:603][  0]LogD3D11RHI:     DedicatedVideoMemory : 12696158208 bytes
[2022.10.04-18.20.20:603][  0]LogD3D11RHI:     DedicatedSystemMemory : 0 bytes
[2022.10.04-18.20.20:603][  0]LogD3D11RHI:     SharedSystemMemory : 17070899200 bytes
[2022.10.04-18.20.20:603][  0]LogD3D11RHI:     AdapterLuid : 0 70640
[2022.10.04-18.20.20:609][  0]LogD3D11RHI: Creating new Direct3DDevice
[2022.10.04-18.20.20:609][  0]LogD3D11RHI:     GPU DeviceId: 0x2208 (for the marketing name, search the web for "GPU Device Id")
[2022.10.04-18.20.20:609][  0]LogWindows: EnumDisplayDevices:
[2022.10.04-18.20.20:609][  0]LogWindows:    0. 'NVIDIA GeForce RTX 3080 Ti' (P:1 D:1)
[2022.10.04-18.20.20:609][  0]LogWindows:    1. 'NVIDIA GeForce RTX 3080 Ti' (P:0 D:0)
[2022.10.04-18.20.20:609][  0]LogWindows:    2. 'NVIDIA GeForce RTX 3080 Ti' (P:0 D:0)
[2022.10.04-18.20.20:609][  0]LogWindows:    3. 'NVIDIA GeForce RTX 3080 Ti' (P:0 D:0)
[2022.10.04-18.20.20:610][  0]LogWindows: DebugString: FoundDriverCount:4 
[2022.10.04-18.20.20:610][  0]LogD3D11RHI:     Adapter Name: NVIDIA GeForce RTX 3080 Ti
[2022.10.04-18.20.20:610][  0]LogD3D11RHI:   Driver Version: 516.94 (internal:31.0.15.1694, unified:516.94)
[2022.10.04-18.20.20:610][  0]LogD3D11RHI:      Driver Date: 7-21-2022
[2022.10.04-18.20.20:610][  0]LogRHI: Texture pool is 8475 MB (70% of 12108 MB)
[2022.10.04-18.20.20:610][  0]LogD3D11RHI: Creating D3DDevice using adapter:
[2022.10.04-18.20.20:610][  0]LogD3D11RHI:     Description : NVIDIA GeForce RTX 3080 Ti
[2022.10.04-18.20.20:610][  0]LogD3D11RHI:     VendorId    : 10de
[2022.10.04-18.20.20:610][  0]LogD3D11RHI:     DeviceId    : 2208
[2022.10.04-18.20.20:610][  0]LogD3D11RHI:     SubSysId    : 389d1028
[2022.10.04-18.20.20:610][  0]LogD3D11RHI:     Revision    : 00a1
[2022.10.04-18.20.20:610][  0]LogD3D11RHI:     DedicatedVideoMemory : 12696158208 bytes
[2022.10.04-18.20.20:610][  0]LogD3D11RHI:     DedicatedSystemMemory : 0 bytes
[2022.10.04-18.20.20:610][  0]LogD3D11RHI:     SharedSystemMemory : 17070899200 bytes
[2022.10.04-18.20.20:610][  0]LogD3D11RHI:     AdapterLuid : 0 70640
[2022.10.04-18.20.20:649][  0]LogD3D11RHI: RHI has support for 64 bit atomics
[2022.10.04-18.20.20:649][  0]LogD3D11RHI: Async texture creation enabled
[2022.10.04-18.20.20:649][  0]LogD3D11RHI: Array index from any shader is supported
[2022.10.04-18.20.20:663][  0]LogD3D11RHI: GPU Timing Frequency: 1000.000000 (Debug: 2 1)
[2022.10.04-18.20.20:689][  0]LogRHI: GeForceNow SDK initialized: 1
[2022.10.04-18.20.20:914][  0]LogTargetPlatformManager: Display: Loaded TargetPlatform 'AllDesktop'
[2022.10.04-18.20.20:932][  0]LogTargetPlatformManager: Display: Loaded TargetPlatform 'Android'
[2022.10.04-18.20.20:932][  0]LogTargetPlatformManager: Display: Loaded TargetPlatform 'Android_ASTC'
[2022.10.04-18.20.20:932][  0]LogTargetPlatformManager: Display: Loaded TargetPlatform 'Android_DXT'
[2022.10.04-18.20.20:932][  0]LogTargetPlatformManager: Display: Loaded TargetPlatform 'Android_ETC2'
[2022.10.04-18.20.20:932][  0]LogTargetPlatformManager: Display: Loaded TargetPlatform 'AndroidClient'
[2022.10.04-18.20.20:932][  0]LogTargetPlatformManager: Display: Loaded TargetPlatform 'Android_ASTCClient'
[2022.10.04-18.20.20:932][  0]LogTargetPlatformManager: Display: Loaded TargetPlatform 'Android_DXTClient'
[2022.10.04-18.20.20:932][  0]LogTargetPlatformManager: Display: Loaded TargetPlatform 'Android_ETC2Client'
[2022.10.04-18.20.20:932][  0]LogTargetPlatformManager: Display: Loaded TargetPlatform 'Android_Multi'
[2022.10.04-18.20.20:932][  0]LogTargetPlatformManager: Display: Loaded TargetPlatform 'Android_MultiClient'
[2022.10.04-18.20.20:949][  0]LogTargetPlatformManager: Display: Loaded TargetPlatform 'IOSClient'
[2022.10.04-18.20.20:949][  0]LogTargetPlatformManager: Display: Loaded TargetPlatform 'IOS'
[2022.10.04-18.20.20:958][  0]LogTargetPlatformManager: Display: Loaded TargetPlatform 'Linux'
[2022.10.04-18.20.20:963][  0]LogTargetPlatformManager: Display: Loaded TargetPlatform 'LinuxNoEditor'
[2022.10.04-18.20.20:968][  0]LogTargetPlatformManager: Display: Loaded TargetPlatform 'LinuxClient'
[2022.10.04-18.20.20:972][  0]LogTargetPlatformManager: Display: Loaded TargetPlatform 'LinuxServer'
[2022.10.04-18.20.20:982][  0]LogTargetPlatformManager: Display: Loaded TargetPlatform 'LinuxAArch64NoEditor'
[2022.10.04-18.20.20:986][  0]LogTargetPlatformManager: Display: Loaded TargetPlatform 'LinuxAArch64Client'
[2022.10.04-18.20.20:991][  0]LogTargetPlatformManager: Display: Loaded TargetPlatform 'LinuxAArch64Server'
[2022.10.04-18.20.21:012][  0]LogTargetPlatformManager: Display: Loaded TargetPlatform 'Lumin'
[2022.10.04-18.20.21:012][  0]LogTargetPlatformManager: Display: Loaded TargetPlatform 'LuminClient'
[2022.10.04-18.20.21:020][  0]LogTargetPlatformManager: Display: Loaded TargetPlatform 'MacNoEditor'
[2022.10.04-18.20.21:025][  0]LogTargetPlatformManager: Display: Loaded TargetPlatform 'Mac'
[2022.10.04-18.20.21:031][  0]LogTargetPlatformManager: Display: Loaded TargetPlatform 'MacClient'
[2022.10.04-18.20.21:035][  0]LogTargetPlatformManager: Display: Loaded TargetPlatform 'MacServer'
[2022.10.04-18.20.21:044][  0]LogTargetPlatformManager: Display: Loaded TargetPlatform 'TVOSClient'
[2022.10.04-18.20.21:044][  0]LogTargetPlatformManager: Display: Loaded TargetPlatform 'TVOS'
[2022.10.04-18.20.21:053][  0]LogTargetPlatformManager: Display: Loaded TargetPlatform 'WindowsNoEditor'
[2022.10.04-18.20.21:060][  0]LogTargetPlatformManager: Display: Loaded TargetPlatform 'Windows'
[2022.10.04-18.20.21:066][  0]LogTargetPlatformManager: Display: Loaded TargetPlatform 'WindowsClient'
[2022.10.04-18.20.21:071][  0]LogTargetPlatformManager: Display: Loaded TargetPlatform 'WindowsServer'
[2022.10.04-18.20.21:071][  0]LogTargetPlatformManager: Display: Building Assets For Windows
[2022.10.04-18.20.21:080][  0]LogAudioDebug: Display: Lib vorbis DLL was dynamically loaded.
[2022.10.04-18.20.21:133][  0]LogTextureFormatOodle: Display: Oodle Texture 2.9.0 init RDO Off
[2022.10.04-18.20.21:170][  0]LogRendererCore: Ray tracing is disabled. Reason: r.RayTracing=0.
[2022.10.04-18.20.21:170][  0]LogShaderCompilers: Guid format shader working directory is -24 characters bigger than the processId version (../../../../../../Users/lingg/Documents/GitHub/UnrealProject/Project3/Intermediate/Shaders/WorkingDirectory/17032/).
[2022.10.04-18.20.21:173][  0]LogShaderCompilers: Cleaned the shader compiler working directory 'C:/Users/lingg/AppData/Local/Temp/UnrealShaderWorkingDir/A21AB69147C7B61E0AC19E82BED1BB25/'.
[2022.10.04-18.20.21:173][  0]LogXGEController: Cannot use XGE Controller as Incredibuild is not installed on this machine.
[2022.10.04-18.20.21:173][  0]LogShaderCompilers: Cannot use XGE Shader Compiler as Incredibuild is not installed on this machine.
[2022.10.04-18.20.21:173][  0]LogShaderCompilers: Display: Using Local Shader Compiler.
[2022.10.04-18.20.21:680][  0]LogDerivedDataCache: Display: Max Cache Size: 512 MB
[2022.10.04-18.20.21:721][  0]LogDerivedDataCache: Loaded boot cache 0.04s 94MB C:/Users/lingg/AppData/Local/UnrealEngine/4.27/DerivedDataCache/Boot.ddc.
[2022.10.04-18.20.21:721][  0]LogDerivedDataCache: Display: Loaded Boot cache: C:/Users/lingg/AppData/Local/UnrealEngine/4.27/DerivedDataCache/Boot.ddc
[2022.10.04-18.20.21:721][  0]LogDerivedDataCache: FDerivedDataBackendGraph:  Pak pak cache file ../../../../../../Users/lingg/Documents/GitHub/UnrealProject/Project3/DerivedDataCache/DDC.ddp not found, will not use a pak cache.
[2022.10.04-18.20.21:721][  0]LogDerivedDataCache: Unable to find inner node Pak for hierarchical cache Hierarchy.
[2022.10.04-18.20.21:721][  0]LogDerivedDataCache: FDerivedDataBackendGraph:  CompressedPak pak cache file ../../../../../../Users/lingg/Documents/GitHub/UnrealProject/Project3/DerivedDataCache/Compressed.ddp not found, will not use a pak cache.
[2022.10.04-18.20.21:721][  0]LogDerivedDataCache: Unable to find inner node CompressedPak for hierarchical cache Hierarchy.
[2022.10.04-18.20.21:733][  0]LogDerivedDataCache: Display: Pak cache opened for reading ../../../Engine/DerivedDataCache/Compressed.ddp.
[2022.10.04-18.20.21:733][  0]LogDerivedDataCache: FDerivedDataBackendGraph:  EnterprisePak pak cache file ../../../Enterprise/DerivedDataCache/Compressed.ddp not found, will not use a pak cache.
[2022.10.04-18.20.21:733][  0]LogDerivedDataCache: Unable to find inner node EnterprisePak for hierarchical cache Hierarchy.
[2022.10.04-18.20.21:738][  0]LogDerivedDataCache: Speed tests for C:/Users/lingg/AppData/Local/UnrealEngine/Common/DerivedDataCache took 0.00 seconds
[2022.10.04-18.20.21:738][  0]LogDerivedDataCache: Display: Performance to C:/Users/lingg/AppData/Local/UnrealEngine/Common/DerivedDataCache: Latency=0.06ms. RandomReadSpeed=1541.00MBs, RandomWriteSpeed=285.08MBs. Assigned SpeedClass 'Local'
[2022.10.04-18.20.21:738][  0]LogDerivedDataCache: Using Local data cache path C:/Users/lingg/AppData/Local/UnrealEngine/Common/DerivedDataCache: Writable
[2022.10.04-18.20.21:738][  0]LogDerivedDataCache: Shared data cache path not found in *engine.ini, will not use an Shared cache.
[2022.10.04-18.20.21:738][  0]LogDerivedDataCache: Unable to find inner node Shared for hierarchical cache Hierarchy.
[2022.10.04-18.20.21:764][  0]LogSlate: Using FreeType 2.10.0
[2022.10.04-18.20.21:764][  0]LogSlate: SlateFontServices - WITH_FREETYPE: 1, WITH_HARFBUZZ: 1
[2022.10.04-18.20.21:786][  0]LogAssetRegistry: FAssetRegistry took 0.0020 seconds to start up
[2022.10.04-18.20.21:945][  0]LogInit: Selected Device Profile: [Windows]
[2022.10.04-18.20.21:946][  0]LogInit: Active device profile: [0000022777207500][0000022777ACD200 49] Windows
[2022.10.04-18.20.21:946][  0]LogInit: Profiles: [0000022777207500][0000022777ACD200 49] Windows, [00000227771BCD00][0000022777AD5380 49] WindowsNoEditor, [0000022777204D00][0000022777AD9500 49] WindowsServer, [00000227771BED00][0000022777ADD680 49] WindowsClient, [0000022777206C00][0000022777AF5800 49] IOS, [00000227771BD600][0000022777AF9980 49] iPadAir, [0000022777205500][0000022777AFDB00 49] iPadAir2, [000002277711BC00][0000022777B10240 49] IPadPro, [000002277711BD00][0000022777B04280 49] iPadAir3, [0000022777206600][0000022777B2E400 49] iPadAir4, [0000022777119200][0000022777B36580 49] iPadMini2, [0000022777205A00][0000022777B4E700 49] iPadMini3, [000002277711A700][0000022777AD0840 49] iPadMini4, [0000022777204800][0000022777BDE980 49] iPadMini5, [000002277716B500][0000022777C0ABC0 49] iPhone6, [000002277716B600][0000022777C00C00 49] iPodTouch6, [0000022777118200][0000022777CF4EC0 49] iPhone7, [0000022777118100][0000022777C12F00 49] iPodTouch7, [0000022777169100][0000022777CF9080 49] iPhone5S, [0000022777118B00][0000022777CFD200 49] iPhone6Plus, [000002277716A800][0000022777D01380 49] iPhone6S, [0000022777118F00][0000022777D05500 49] iPhone6SPlus, [0000022777169900][0000022777D09680 49] iPhone7Plus, [000002277711A400][0000022777D0D800 49] iPhoneSE, [000002277716B700][0000022777D11980 49] iPhone8, [000002277711B700][0000022777D15B00 49] iPhone8Plus, [000002277716AD00][0000022777D18100 49] iPhoneX, [000002277711BA00][0000022777D1C280 49] iPhoneXS, [0000022777169200][0000022777D20400 49] iPhoneXSMax, [0000022777118D00][0000022777D24580 49] iPhoneXR, [0000022777168B00][0000022777D28700 49] iPhone11, [000002277711AB00][0000022777D2C880 49] iPhone11Pro, [000002277716AF00][0000022777C0E9C0 49] iPhone11ProMax, [000002277711A800][0000022777D30B00 49] iPhoneSE2, [0000022777169800][0000022777D34C40 49] iPhone12Mini, [000002277711A500][0000022777D38D80 49] iPhone12, [0000022777169C00][0000022777D40F00 49] iPhone12Pro, [000002277711B400][0000022777D45080 49] iPhone12ProMax, [000002277716B400][0000022777D49200 49] iPadPro105, [000002277711BB00][0000022777D4D380 49] iPadPro129, [000002277716A000][0000022777D51500 49] iPadPro97, [0000022777118300][0000022777D55680 49] iPadPro2_129, [000002277716BE00][0000022777D59800 49] iPad5, [0000022777118E00][0000022777D5D980 49] iPad6, [0000022777168A00][0000022777E15B00 49] iPad7, [000002277711AF00][0000022777E18100 49] iPad8, [0000022777169F00][0000022777E1C280 49] iPadPro11, [000002277711B200][0000022777E20400 49] iPadPro2_11, [0000022777168500][0000022777E24580 49] iPadPro3_129, [0000022777119900][0000022777E28700 49] iPadPro4_129, [000002277716A600][0000022777E2C880 49] AppleTV, [000002277711BE00][0000022777E30A00 49] AppleTV4K, [0000022777168600][0000022777D3CB40 49] TVOS, [0000022777119B00][0000022777E34C80 49] Mac, [0000022777168100][0000022777E38DC0 49] MacClient, [000002277711AE00][0000022777E3CF00 49] MacNoEditor, [0000022777168E00][0000022777E45080 49] MacServer, [0000022777119500][0000022777E49200 49] Linux, [0000022777169700][0000022777E4D380 49] LinuxAArch64, [000002277711B800][0000022777E51500 49] LinuxNoEditor, [0000022777169B00][0000022777E55680 49] LinuxAArch64NoEditor, [0000022777118700][0000022777E59800 49] LinuxClient, [00000227771BF400][0000022777E5D980 49] LinuxAArch64Client, [00000227772B2000][0000022777E61B00 49] LinuxServer, [00000227771BF700][0000022777E64100 49] LinuxAArch64Server, [00000227772B1600][0000022777E68280 49] Android, [00000227771BDE00][0000022777E6C400 49] Android_Low, [00000227772B1900][0000022777E70580 49] Android_Mid, [00000227771BC100][0000022777E74700 49] Android_High, [00000227772B0700][0000022777E78880 49] Android_Default, [00000227771BD500][0000022777E7CA00 49] Android_Adreno4xx, [00000227772B1A00][0000022777E80B80 49] Android_Adreno5xx_Low, [00000227771BC900][0000022777E84D00 49] Android_Adreno5xx, [00000227772B0A00][0000022777E40E40 49] Android_Adreno6xx, [00000227771BD200][0000022777F30F80 49] Android_Adreno6xx_Vulkan, [00000227772B0600][0000022777F350C0 49] Android_Mali_T6xx, [00000227771BE100][0000022777F3D240 49] Android_Mali_T7xx, [00000227772B0E00][0000022777F413C0 49] Android_Mali_T8xx, [00000227771BD800][0000022777F45540 49] Android_Mali_G71, [00000227772B0200][0000022777F496C0 49] Android_Mali_G72, [00000227771BD900][0000022777F51840 49] Android_Mali_G72_Vulkan, [00000227772B0100][0000022777F559C0 49] Android_Mali_G76, [00000227771BE500][0000022777F59B40 49] Android_Mali_G76_Vulkan, [00000227772B1D00][0000022777F5C140 49] Android_Mali_G77, [0000022777119100][0000022777F602C0 49] Android_Mali_G77_Vulkan, [000002277716A500][0000022777F64440 49] Android_Mali_G78, [000002277711BF00][00000227787E25C0 49] Android_Mali_G78_Vulkan, [0000022777169A00][00000227787EA740 49] Android_Mali_G710, [000002277711A100][00000227787EE8C0 49] Android_Mali_G710_Vulkan, [0000022777168700][00000227787F2A40 49] Android_Vulkan_SM5, [0000022777119C00][00000227787F6BC0 49] Android_PowerVR_G6xxx, [00000227772B0500][00000227787FAD40 49] Android_PowerVR_GT7xxx, [0000022777118500][00000227787FEEC0 49] Android_PowerVR_GE8xxx, [00000227772B1300][0000022777F39000 49] Android_PowerVR_GM9xxx, [0000022777119400][0000022778803140 49] Android_PowerVR_GM9xxx_Vulkan, [00000227772B1E00][0000022778807280 49] Android_TegraK1, [000002277711AD00][00000227591AD3C0 49] Android_Unknown_Vulkan, [00000227772B0D00][00000227591B9540 49] Lumin, [0000022777119F00][00000227591BD6C0 49] Lumin_Desktop, [00000227772B0F00][00000227591C1840 49] HoloLens, 
[2022.10.04-18.20.22:050][  0]LogMeshReduction: Using QuadricMeshReduction for automatic static mesh reduction
[2022.10.04-18.20.22:050][  0]LogMeshReduction: Using SimplygonMeshReduction for automatic skeletal mesh reduction
[2022.10.04-18.20.22:050][  0]LogMeshReduction: Using ProxyLODMeshReduction for automatic mesh merging
[2022.10.04-18.20.22:050][  0]LogMeshReduction: No distributed automatic mesh merging module available
[2022.10.04-18.20.22:050][  0]LogMeshMerging: No distributed automatic mesh merging module available
[2022.10.04-18.20.22:064][  0]LogNetVersion: Project3 1.0.0, NetCL: 17155196, EngineNetVer: 17, GameNetVer: 0 (Checksum: 2296843970)
[2022.10.04-18.20.22:369][  0]LogTexture: Default maximum texture size for cubemaps generated from long-lat sources has been changed from 512 to unlimited. In order to preserve old behaiour for '/Engine/MapTemplates/Sky/DaylightAmbientCubemap.DaylightAmbientCubemap', its maximum texture size has been explicitly set to 512.
[2022.10.04-18.20.22:408][  0]LogHMD: PokeAHoleMaterial loaded successfully
[2022.10.04-18.20.22:412][  0]LogUObjectArray: 17178 objects as part of root set at end of initial load.
[2022.10.04-18.20.22:412][  0]LogUObjectAllocator: 4302048 out of 0 bytes used by permanent object pool.
[2022.10.04-18.20.22:412][  0]LogUObjectArray: CloseDisregardForGC: 0/0 objects in disregard for GC pool
[2022.10.04-18.20.22:732][  0]LogNiagaraDebuggerClient: Niagara Debugger Client Initialized | Session: 5DCB1FB941C7582E9D1D4EB232E01806 | Instance: 522219AD43B594031CA01D9E0E46EFF8 (NIGHTINTHEWOODS-17032).
[2022.10.04-18.20.22:868][  0]LogPython: Using Python 3.7.7
[2022.10.04-18.20.23:214][  0]LogTcpMessaging: Initializing TcpMessaging bridge
[2022.10.04-18.20.23:226][  0]LogUdpMessaging: Initializing bridge on interface 0.0.0.0:0 to multicast group 230.0.0.1:6666.
[2022.10.04-18.20.23:643][  0]SourceControl: Source control is disabled
[2022.10.04-18.20.23:643][  0]SourceControl: Source control is disabled
[2022.10.04-18.20.23:659][  0]SourceControl: Source control is disabled
[2022.10.04-18.20.23:662][  0]SourceControl: Source control is disabled
[2022.10.04-18.20.23:675][  0]LogUProjectInfo: Found projects:
[2022.10.04-18.20.23:686][  0]SourceControl: Source control is disabled
[2022.10.04-18.20.23:738][  0]LogOpenImageDenoise: OIDN starting up
[2022.10.04-18.20.23:770][  0]LogAndroidPermission: UAndroidPermissionCallbackProxy::GetInstance
[2022.10.04-18.20.23:792][  0]LogAudioCaptureCore: Display: No Audio Capture implementations found. Audio input will be silent.
[2022.10.04-18.20.23:792][  0]LogAudioCaptureCore: Display: No Audio Capture implementations found. Audio input will be silent.
[2022.10.04-18.20.23:912][  0]LogCollectionManager: Loaded 0 collections in 0.000983 seconds
[2022.10.04-18.20.23:943][  0]LogFileCache: Scanning file cache for directory 'C:/Users/lingg/Documents/GitHub/UnrealProject/Project3/Saved/Collections/' took 0.00s
[2022.10.04-18.20.23:943][  0]LogFileCache: Scanning file cache for directory 'C:/Users/lingg/Documents/GitHub/UnrealProject/Project3/Content/Developers/lingg/Collections/' took 0.00s
[2022.10.04-18.20.23:943][  0]LogFileCache: Scanning file cache for directory 'C:/Users/lingg/Documents/GitHub/UnrealProject/Project3/Content/Collections/' took 0.00s
[2022.10.04-18.20.23:943][  0]LogOcInput: OculusInput pre-init called
[2022.10.04-18.20.24:143][  0]LogEngine: Initializing Engine...
[2022.10.04-18.20.24:150][  0]LogHMD: Failed to enumerate extensions. Please check that you have a valid OpenXR runtime installed.
[2022.10.04-18.20.24:151][  0]LogHMD: Failed to initialize OpenVR with code 110
[2022.10.04-18.20.24:151][  0]LogMagicLeap: Warning: VR disabled because ZI is not enabled.  To enable, in the editor, Edit -> Project Settings -> Plugins -> Magic Leap Plugin -> Enable Zero Iteration
[2022.10.04-18.20.24:151][  0]LogStats: UGameplayTagsManager::InitializeManager -  0.000 s
[2022.10.04-18.20.24:249][  0]LogInit: Initializing FReadOnlyCVARCache
[2022.10.04-18.20.24:256][  0]LogAIModule: Creating AISystem for world Untitled
[2022.10.04-18.20.24:256][  0]LogAudio: Display: Initializing Audio Device Manager...
[2022.10.04-18.20.24:261][  0]LogAudio: Display: Loading Default Audio Settings Objects...
[2022.10.04-18.20.24:262][  0]LogAudio: Display: No default SoundConcurrencyObject specified (or failed to load).
[2022.10.04-18.20.24:262][  0]LogAudio: Display: Audio Device Manager Initialized
[2022.10.04-18.20.24:262][  0]LogAudio: Display: Creating Audio Device:                 Id: 1, Scope: Shared, Realtime: True
[2022.10.04-18.20.24:262][  0]LogAudioMixer: Display: Audio Mixer Platform Settings:
[2022.10.04-18.20.24:262][  0]LogAudioMixer: Display: 	Sample Rate:						  48000
[2022.10.04-18.20.24:262][  0]LogAudioMixer: Display: 	Callback Buffer Frame Size Requested: 1024
[2022.10.04-18.20.24:262][  0]LogAudioMixer: Display: 	Callback Buffer Frame Size To Use:	  1024
[2022.10.04-18.20.24:262][  0]LogAudioMixer: Display: 	Number of buffers to queue:			  2
[2022.10.04-18.20.24:262][  0]LogAudioMixer: Display: 	Max Channels (voices):				  32
[2022.10.04-18.20.24:262][  0]LogAudioMixer: Display: 	Number of Async Source Workers:		  0
[2022.10.04-18.20.24:262][  0]LogAudio: Display: AudioDevice MaxSources: 32
[2022.10.04-18.20.24:262][  0]LogAudio: Display: Audio Spatialization Plugin: None (built-in).
[2022.10.04-18.20.24:262][  0]LogAudio: Display: Audio Reverb Plugin: None (built-in).
[2022.10.04-18.20.24:262][  0]LogAudio: Display: Audio Occlusion Plugin: None (built-in).
[2022.10.04-18.20.24:262][  0]LogAudioMixer: Display: Initializing audio mixer.
[2022.10.04-18.20.24:329][  0]LogAudioMixer: Display: 0: FrontLeft
[2022.10.04-18.20.24:329][  0]LogAudioMixer: Display: 1: FrontRight
[2022.10.04-18.20.24:340][  0]LogAudioMixer: Display: Using Audio Device Headset Earphone (HyperX Virtual Surround Sound)
[2022.10.04-18.20.24:343][  0]LogAudioMixer: Display: Initializing Sound Submixes...
[2022.10.04-18.20.24:345][  0]LogAudioMixer: Display: Creating Master Submix 'MasterSubmixDefault'
[2022.10.04-18.20.24:345][  0]LogAudioMixer: Display: Creating Master Submix 'MasterReverbSubmixDefault'
[2022.10.04-18.20.24:346][  0]LogAudioMixer: Display: Creating Master Submix 'MasterEQSubmixDefault'
[2022.10.04-18.20.24:346][  0]LogAudioMixer: FMixerPlatformXAudio2::StartAudioStream() called
[2022.10.04-18.20.24:346][  0]LogAudioMixer: Display: Output buffers initialized: Frames=1024, Channels=2, Samples=2048
[2022.10.04-18.20.24:346][  0]LogAudioMixer: Display: Starting AudioMixerPlatformInterface::RunInternal()
[2022.10.04-18.20.24:346][  0]LogAudioMixer: Display: FMixerPlatformXAudio2::SubmitBuffer() called for the first time
[2022.10.04-18.20.24:346][  0]LogInit: FAudioDevice initialized.
[2022.10.04-18.20.24:347][  0]LogAudio: Display: Audio Device (ID: 1) registered with world 'Untitled'.
[2022.10.04-18.20.24:347][  0]LogNetVersion: Set ProjectVersion to 1.0.0.0. Version Checksum will be recalculated on next use.
[2022.10.04-18.20.24:386][  0]LogDerivedDataCache: Saved boot cache 0.04s 94MB C:/Users/lingg/AppData/Local/UnrealEngine/4.27/DerivedDataCache/Boot.ddc.
[2022.10.04-18.20.24:386][  0]LogInit: Texture streaming: Enabled
[2022.10.04-18.20.24:398][  0]LogAnalytics: Display: [UEEditor.Rocket.Release] APIServer = https://datarouter.ol.epicgames.com/. AppVersion = 4.27.2-18319896+++UE4+Release-4.27
[2022.10.04-18.20.24:402][  0]LogEngineSessionManager: EngineSessionManager initialized
[2022.10.04-18.20.24:402][  0]LogEditorSessionSummary: Verbose: Initializing EditorSessionSummaryWriter for editor session tracking
[2022.10.04-18.20.24:403][  0]LogEditorSessionSummary: EditorSessionSummaryWriter initialized
[2022.10.04-18.20.24:419][  0]LogInit: Transaction tracking system initialized
[2022.10.04-18.20.24:443][  0]BlueprintLog: New page: Editor Load
[2022.10.04-18.20.24:524][  0]LocalizationService: Localization service is disabled
[2022.10.04-18.20.24:553][  0]TimingProfiler: Initialize
[2022.10.04-18.20.24:553][  0]TimingProfiler: OnSessionChanged
[2022.10.04-18.20.24:553][  0]LoadingProfiler: Initialize
[2022.10.04-18.20.24:553][  0]LoadingProfiler: OnSessionChanged
[2022.10.04-18.20.24:553][  0]NetworkingProfiler: Initialize
[2022.10.04-18.20.24:553][  0]NetworkingProfiler: OnSessionChanged
[2022.10.04-18.20.24:553][  0]MemoryProfiler: Initialize
[2022.10.04-18.20.24:553][  0]MemoryProfiler: OnSessionChanged
[2022.10.04-18.20.25:020][  0]LogFileCache: Scanning file cache for directory 'C:/Users/lingg/Documents/GitHub/UnrealProject/Project3/Content/' took 0.00s
[2022.10.04-18.20.25:020][  0]LogCook: Display: CookSettings for Memory: MemoryMaxUsedVirtual 0MiB, MemoryMaxUsedPhysical 16384MiB, MemoryMinFreeVirtual 0MiB, MemoryMinFreePhysical 1024MiB
[2022.10.04-18.20.25:020][  0]LogCook: Display: Mobile HDR setting 1
[2022.10.04-18.20.25:343][  0]LogInit: Display: Engine is initialized. Leaving FEngineLoop::Init()
[2022.10.04-18.20.25:346][  0]SourceControl: Source control is disabled
[2022.10.04-18.20.25:346][  0]LogUnrealEdMisc: Loading editor; pre map load, took 6.397
[2022.10.04-18.20.25:346][  0]Cmd: MAP LOAD FILE="../../../Engine/Content/Maps/Templates/Template_Default.umap" TEMPLATE=1 SHOWPROGRESS=1 FEATURELEVEL=3
[2022.10.04-18.20.25:347][  0]LightingResults: New page: Lighting Build
[2022.10.04-18.20.25:348][  0]LogWorld: UWorld::CleanupWorld for Untitled, bSessionEnded=true, bCleanupResources=true
[2022.10.04-18.20.25:348][  0]LogSlate: InvalidateAllWidgets triggered.  All widgets were invalidated
[2022.10.04-18.20.25:348][  0]MapCheck: New page: Map Check
[2022.10.04-18.20.25:348][  0]LightingResults: New page: Lighting Build
[2022.10.04-18.20.25:351][  0]LogAudio: Display: Audio Device unregistered from world 'None'.
[2022.10.04-18.20.25:353][  0]LogUObjectHash: Compacting FUObjectHashTables data took   0.44ms
[2022.10.04-18.20.25:385][  0]LogAudio: Display: Audio Device (ID: 1) registered with world 'Untitled_1'.
[2022.10.04-18.20.25:386][  0]LogAIModule: Creating AISystem for world Untitled_1
[2022.10.04-18.20.25:388][  0]LogEditorServer: Finished looking for orphan Actors (0.000 secs)
[2022.10.04-18.20.25:393][  0]LogUObjectHash: Compacting FUObjectHashTables data took   0.48ms
[2022.10.04-18.20.25:393][  0]Cmd: MAP CHECKDEP NOCLEARLOG
[2022.10.04-18.20.25:394][  0]MapCheck: Map check complete: 0 Error(s), 0 Warning(s), took 0.365ms to complete.
[2022.10.04-18.20.25:394][  0]LogFileHelpers: Loading map 'Template_Default' took 0.047
[2022.10.04-18.20.25:395][  0]LogUnrealEdMisc: Total Editor Startup Time, took 6.446
[2022.10.04-18.20.25:503][  0]LogSlate: Updating window title bar state: overlay mode, drag disabled, window buttons hidden, title bar hidden
[2022.10.04-18.20.25:507][  0]LogSlate: Updating window title bar state: overlay mode, drag disabled, window buttons hidden, title bar hidden
[2022.10.04-18.20.25:510][  0]LogSlate: Updating window title bar state: overlay mode, drag disabled, window buttons hidden, title bar hidden
[2022.10.04-18.20.25:513][  0]LogSlate: Updating window title bar state: overlay mode, drag disabled, window buttons hidden, title bar hidden
[2022.10.04-18.20.25:532][  0]LogNativeClassHierarchy: Verbose: Native class hierarchy populated in 0.0060 seconds. Added 3823 classes and 930 folders.
[2022.10.04-18.20.25:536][  0]LogNativeClassHierarchy: Verbose: Native class hierarchy updated for 'WidgetCarousel' in 0.0002 seconds. Added 0 classes and 0 folders.
[2022.10.04-18.20.25:538][  0]LogPakFile: PakFile PrimaryIndexSize=187
[2022.10.04-18.20.25:538][  0]LogPakFile: PakFile PathHashIndexSize=101
[2022.10.04-18.20.25:538][  0]LogPakFile: PakFile FullDirectoryIndexSize=148
[2022.10.04-18.20.25:538][  0]LogShaderLibrary: Display: ShaderCodeLibraryPakFileMountedCallback: PakFile 'C:/Program Files/Epic Games/UE_4.27/FeaturePacks/FP_FirstPerson.upack' (chunk index -1, root 'root:/') mounted
[2022.10.04-18.20.25:538][  0]LogShaderLibrary: Display: ShaderCodeLibraryPakFileMountedCallback: pending pak file info (ChunkID:-1 Root:root:/ File:C:/Program Files/Epic Games/UE_4.27/FeaturePacks/FP_FirstPerson.upack)
[2022.10.04-18.20.25:538][  0]LogPakFile: OnPakFileMounted2Time == 0.000035
[2022.10.04-18.20.25:538][  0]LogPakFile: PakFile PrimaryIndexSize=189
[2022.10.04-18.20.25:538][  0]LogPakFile: PakFile PathHashIndexSize=101
[2022.10.04-18.20.25:538][  0]LogPakFile: PakFile FullDirectoryIndexSize=152
[2022.10.04-18.20.25:538][  0]LogShaderLibrary: Display: ShaderCodeLibraryPakFileMountedCallback: PakFile 'C:/Program Files/Epic Games/UE_4.27/FeaturePacks/FP_FirstPersonBP.upack' (chunk index -1, root 'root:/') mounted
[2022.10.04-18.20.25:539][  0]LogShaderLibrary: Display: ShaderCodeLibraryPakFileMountedCallback: pending pak file info (ChunkID:-1 Root:root:/ File:C:/Program Files/Epic Games/UE_4.27/FeaturePacks/FP_FirstPersonBP.upack)
[2022.10.04-18.20.25:539][  0]LogPakFile: OnPakFileMounted2Time == 0.000028
[2022.10.04-18.20.25:539][  0]LogPakFile: PakFile PrimaryIndexSize=191
[2022.10.04-18.20.25:539][  0]LogPakFile: PakFile PathHashIndexSize=101
[2022.10.04-18.20.25:539][  0]LogPakFile: PakFile FullDirectoryIndexSize=160
[2022.10.04-18.20.25:539][  0]LogShaderLibrary: Display: ShaderCodeLibraryPakFileMountedCallback: PakFile 'C:/Program Files/Epic Games/UE_4.27/FeaturePacks/MobileStarterContent.upack' (chunk index -1, root 'root:/') mounted
[2022.10.04-18.20.25:539][  0]LogShaderLibrary: Display: ShaderCodeLibraryPakFileMountedCallback: pending pak file info (ChunkID:-1 Root:root:/ File:C:/Program Files/Epic Games/UE_4.27/FeaturePacks/MobileStarterContent.upack)
[2022.10.04-18.20.25:539][  0]LogPakFile: OnPakFileMounted2Time == 0.000019
[2022.10.04-18.20.25:539][  0]LogPakFile: PakFile PrimaryIndexSize=185
[2022.10.04-18.20.25:539][  0]LogPakFile: PakFile PathHashIndexSize=101
[2022.10.04-18.20.25:539][  0]LogPakFile: PakFile FullDirectoryIndexSize=148
[2022.10.04-18.20.25:539][  0]LogShaderLibrary: Display: ShaderCodeLibraryPakFileMountedCallback: PakFile 'C:/Program Files/Epic Games/UE_4.27/FeaturePacks/StarterContent.upack' (chunk index -1, root 'root:/') mounted
[2022.10.04-18.20.25:539][  0]LogShaderLibrary: Display: ShaderCodeLibraryPakFileMountedCallback: pending pak file info (ChunkID:-1 Root:root:/ File:C:/Program Files/Epic Games/UE_4.27/FeaturePacks/StarterContent.upack)
[2022.10.04-18.20.25:539][  0]LogPakFile: OnPakFileMounted2Time == 0.000021
[2022.10.04-18.20.25:540][  0]LogPakFile: PakFile PrimaryIndexSize=190
[2022.10.04-18.20.25:540][  0]LogPakFile: PakFile PathHashIndexSize=101
[2022.10.04-18.20.25:540][  0]LogPakFile: PakFile FullDirectoryIndexSize=154
[2022.10.04-18.20.25:540][  0]LogShaderLibrary: Display: ShaderCodeLibraryPakFileMountedCallback: PakFile 'C:/Program Files/Epic Games/UE_4.27/FeaturePacks/TP_2DSideScroller.upack' (chunk index -1, root 'root:/') mounted
[2022.10.04-18.20.25:540][  0]LogShaderLibrary: Display: ShaderCodeLibraryPakFileMountedCallback: pending pak file info (ChunkID:-1 Root:root:/ File:C:/Program Files/Epic Games/UE_4.27/FeaturePacks/TP_2DSideScroller.upack)
[2022.10.04-18.20.25:540][  0]LogPakFile: OnPakFileMounted2Time == 0.000020
[2022.10.04-18.20.25:540][  0]LogPakFile: PakFile PrimaryIndexSize=192
[2022.10.04-18.20.25:540][  0]LogPakFile: PakFile PathHashIndexSize=101
[2022.10.04-18.20.25:540][  0]LogPakFile: PakFile FullDirectoryIndexSize=158
[2022.10.04-18.20.25:540][  0]LogShaderLibrary: Display: ShaderCodeLibraryPakFileMountedCallback: PakFile 'C:/Program Files/Epic Games/UE_4.27/FeaturePacks/TP_2DSideScrollerBP.upack' (chunk index -1, root 'root:/') mounted
[2022.10.04-18.20.25:540][  0]LogShaderLibrary: Display: ShaderCodeLibraryPakFileMountedCallback: pending pak file info (ChunkID:-1 Root:root:/ File:C:/Program Files/Epic Games/UE_4.27/FeaturePacks/TP_2DSideScrollerBP.upack)
[2022.10.04-18.20.25:540][  0]LogPakFile: OnPakFileMounted2Time == 0.000017
[2022.10.04-18.20.25:540][  0]LogPakFile: PakFile PrimaryIndexSize=182
[2022.10.04-18.20.25:540][  0]LogPakFile: PakFile PathHashIndexSize=101
[2022.10.04-18.20.25:540][  0]LogPakFile: PakFile FullDirectoryIndexSize=138
[2022.10.04-18.20.25:540][  0]LogShaderLibrary: Display: ShaderCodeLibraryPakFileMountedCallback: PakFile 'C:/Program Files/Epic Games/UE_4.27/FeaturePacks/TP_Flying.upack' (chunk index -1, root 'root:/') mounted
[2022.10.04-18.20.25:540][  0]LogShaderLibrary: Display: ShaderCodeLibraryPakFileMountedCallback: pending pak file info (ChunkID:-1 Root:root:/ File:C:/Program Files/Epic Games/UE_4.27/FeaturePacks/TP_Flying.upack)
[2022.10.04-18.20.25:540][  0]LogPakFile: OnPakFileMounted2Time == 0.000018
[2022.10.04-18.20.25:541][  0]LogPakFile: PakFile PrimaryIndexSize=184
[2022.10.04-18.20.25:541][  0]LogPakFile: PakFile PathHashIndexSize=101
[2022.10.04-18.20.25:541][  0]LogPakFile: PakFile FullDirectoryIndexSize=142
[2022.10.04-18.20.25:541][  0]LogShaderLibrary: Display: ShaderCodeLibraryPakFileMountedCallback: PakFile 'C:/Program Files/Epic Games/UE_4.27/FeaturePacks/TP_FlyingBP.upack' (chunk index -1, root 'root:/') mounted
[2022.10.04-18.20.25:541][  0]LogShaderLibrary: Display: ShaderCodeLibraryPakFileMountedCallback: pending pak file info (ChunkID:-1 Root:root:/ File:C:/Program Files/Epic Games/UE_4.27/FeaturePacks/TP_FlyingBP.upack)
[2022.10.04-18.20.25:541][  0]LogPakFile: OnPakFileMounted2Time == 0.000018
[2022.10.04-18.20.25:541][  0]LogPakFile: PakFile PrimaryIndexSize=188
[2022.10.04-18.20.25:541][  0]LogPakFile: PakFile PathHashIndexSize=101
[2022.10.04-18.20.25:541][  0]LogPakFile: PakFile FullDirectoryIndexSize=150
[2022.10.04-18.20.25:541][  0]LogShaderLibrary: Display: ShaderCodeLibraryPakFileMountedCallback: PakFile 'C:/Program Files/Epic Games/UE_4.27/FeaturePacks/TP_HandheldARBP.upack' (chunk index -1, root 'root:/') mounted
[2022.10.04-18.20.25:541][  0]LogShaderLibrary: Display: ShaderCodeLibraryPakFileMountedCallback: pending pak file info (ChunkID:-1 Root:root:/ File:C:/Program Files/Epic Games/UE_4.27/FeaturePacks/TP_HandheldARBP.upack)
[2022.10.04-18.20.25:541][  0]LogPakFile: OnPakFileMounted2Time == 0.000017
[2022.10.04-18.20.25:542][  0]LogPakFile: PakFile PrimaryIndexSize=182
[2022.10.04-18.20.25:542][  0]LogPakFile: PakFile PathHashIndexSize=101
[2022.10.04-18.20.25:542][  0]LogPakFile: PakFile FullDirectoryIndexSize=138
[2022.10.04-18.20.25:542][  0]LogShaderLibrary: Display: ShaderCodeLibraryPakFileMountedCallback: PakFile 'C:/Program Files/Epic Games/UE_4.27/FeaturePacks/TP_Puzzle.upack' (chunk index -1, root 'root:/') mounted
[2022.10.04-18.20.25:542][  0]LogShaderLibrary: Display: ShaderCodeLibraryPakFileMountedCallback: pending pak file info (ChunkID:-1 Root:root:/ File:C:/Program Files/Epic Games/UE_4.27/FeaturePacks/TP_Puzzle.upack)
[2022.10.04-18.20.25:542][  0]LogPakFile: OnPakFileMounted2Time == 0.000018
[2022.10.04-18.20.25:542][  0]LogPakFile: PakFile PrimaryIndexSize=184
[2022.10.04-18.20.25:542][  0]LogPakFile: PakFile PathHashIndexSize=101
[2022.10.04-18.20.25:542][  0]LogPakFile: PakFile FullDirectoryIndexSize=142
[2022.10.04-18.20.25:542][  0]LogShaderLibrary: Display: ShaderCodeLibraryPakFileMountedCallback: PakFile 'C:/Program Files/Epic Games/UE_4.27/FeaturePacks/TP_PuzzleBP.upack' (chunk index -1, root 'root:/') mounted
[2022.10.04-18.20.25:542][  0]LogShaderLibrary: Display: ShaderCodeLibraryPakFileMountedCallback: pending pak file info (ChunkID:-1 Root:root:/ File:C:/Program Files/Epic Games/UE_4.27/FeaturePacks/TP_PuzzleBP.upack)
[2022.10.04-18.20.25:542][  0]LogPakFile: OnPakFileMounted2Time == 0.000017
[2022.10.04-18.20.25:542][  0]LogPakFile: PakFile PrimaryIndexSize=183
[2022.10.04-18.20.25:542][  0]LogPakFile: PakFile PathHashIndexSize=101
[2022.10.04-18.20.25:542][  0]LogPakFile: PakFile FullDirectoryIndexSize=140
[2022.10.04-18.20.25:542][  0]LogShaderLibrary: Display: ShaderCodeLibraryPakFileMountedCallback: PakFile 'C:/Program Files/Epic Games/UE_4.27/FeaturePacks/TP_Rolling.upack' (chunk index -1, root 'root:/') mounted
[2022.10.04-18.20.25:542][  0]LogShaderLibrary: Display: ShaderCodeLibraryPakFileMountedCallback: pending pak file info (ChunkID:-1 Root:root:/ File:C:/Program Files/Epic Games/UE_4.27/FeaturePacks/TP_Rolling.upack)
[2022.10.04-18.20.25:542][  0]LogPakFile: OnPakFileMounted2Time == 0.000018
[2022.10.04-18.20.25:543][  0]LogPakFile: PakFile PrimaryIndexSize=185
[2022.10.04-18.20.25:543][  0]LogPakFile: PakFile PathHashIndexSize=101
[2022.10.04-18.20.25:543][  0]LogPakFile: PakFile FullDirectoryIndexSize=144
[2022.10.04-18.20.25:543][  0]LogShaderLibrary: Display: ShaderCodeLibraryPakFileMountedCallback: PakFile 'C:/Program Files/Epic Games/UE_4.27/FeaturePacks/TP_RollingBP.upack' (chunk index -1, root 'root:/') mounted
[2022.10.04-18.20.25:543][  0]LogShaderLibrary: Display: ShaderCodeLibraryPakFileMountedCallback: pending pak file info (ChunkID:-1 Root:root:/ File:C:/Program Files/Epic Games/UE_4.27/FeaturePacks/TP_RollingBP.upack)
[2022.10.04-18.20.25:543][  0]LogPakFile: OnPakFileMounted2Time == 0.000017
[2022.10.04-18.20.25:543][  0]LogPakFile: PakFile PrimaryIndexSize=188
[2022.10.04-18.20.25:543][  0]LogPakFile: PakFile PathHashIndexSize=101
[2022.10.04-18.20.25:543][  0]LogPakFile: PakFile FullDirectoryIndexSize=150
[2022.10.04-18.20.25:543][  0]LogShaderLibrary: Display: ShaderCodeLibraryPakFileMountedCallback: PakFile 'C:/Program Files/Epic Games/UE_4.27/FeaturePacks/TP_SideScroller.upack' (chunk index -1, root 'root:/') mounted
[2022.10.04-18.20.25:543][  0]LogShaderLibrary: Display: ShaderCodeLibraryPakFileMountedCallback: pending pak file info (ChunkID:-1 Root:root:/ File:C:/Program Files/Epic Games/UE_4.27/FeaturePacks/TP_SideScroller.upack)
[2022.10.04-18.20.25:543][  0]LogPakFile: OnPakFileMounted2Time == 0.000017
[2022.10.04-18.20.25:543][  0]LogPakFile: PakFile PrimaryIndexSize=190
[2022.10.04-18.20.25:543][  0]LogPakFile: PakFile PathHashIndexSize=101
[2022.10.04-18.20.25:543][  0]LogPakFile: PakFile FullDirectoryIndexSize=154
[2022.10.04-18.20.25:543][  0]LogShaderLibrary: Display: ShaderCodeLibraryPakFileMountedCallback: PakFile 'C:/Program Files/Epic Games/UE_4.27/FeaturePacks/TP_SideScrollerBP.upack' (chunk index -1, root 'root:/') mounted
[2022.10.04-18.20.25:543][  0]LogShaderLibrary: Display: ShaderCodeLibraryPakFileMountedCallback: pending pak file info (ChunkID:-1 Root:root:/ File:C:/Program Files/Epic Games/UE_4.27/FeaturePacks/TP_SideScrollerBP.upack)
[2022.10.04-18.20.25:543][  0]LogPakFile: OnPakFileMounted2Time == 0.000017
[2022.10.04-18.20.25:544][  0]LogPakFile: PakFile PrimaryIndexSize=187
[2022.10.04-18.20.25:544][  0]LogPakFile: PakFile PathHashIndexSize=101
[2022.10.04-18.20.25:544][  0]LogPakFile: PakFile FullDirectoryIndexSize=148
[2022.10.04-18.20.25:544][  0]LogShaderLibrary: Display: ShaderCodeLibraryPakFileMountedCallback: PakFile 'C:/Program Files/Epic Games/UE_4.27/FeaturePacks/TP_ThirdPerson.upack' (chunk index -1, root 'root:/') mounted
[2022.10.04-18.20.25:544][  0]LogShaderLibrary: Display: ShaderCodeLibraryPakFileMountedCallback: pending pak file info (ChunkID:-1 Root:root:/ File:C:/Program Files/Epic Games/UE_4.27/FeaturePacks/TP_ThirdPerson.upack)
[2022.10.04-18.20.25:544][  0]LogPakFile: OnPakFileMounted2Time == 0.000017
[2022.10.04-18.20.25:544][  0]LogPakFile: PakFile PrimaryIndexSize=189
[2022.10.04-18.20.25:544][  0]LogPakFile: PakFile PathHashIndexSize=101
[2022.10.04-18.20.25:544][  0]LogPakFile: PakFile FullDirectoryIndexSize=152
[2022.10.04-18.20.25:544][  0]LogShaderLibrary: Display: ShaderCodeLibraryPakFileMountedCallback: PakFile 'C:/Program Files/Epic Games/UE_4.27/FeaturePacks/TP_ThirdPersonBP.upack' (chunk index -1, root 'root:/') mounted
[2022.10.04-18.20.25:544][  0]LogShaderLibrary: Display: ShaderCodeLibraryPakFileMountedCallback: pending pak file info (ChunkID:-1 Root:root:/ File:C:/Program Files/Epic Games/UE_4.27/FeaturePacks/TP_ThirdPersonBP.upack)
[2022.10.04-18.20.25:544][  0]LogPakFile: OnPakFileMounted2Time == 0.000016
[2022.10.04-18.20.25:545][  0]LogPakFile: PakFile PrimaryIndexSize=183
[2022.10.04-18.20.25:545][  0]LogPakFile: PakFile PathHashIndexSize=101
[2022.10.04-18.20.25:545][  0]LogPakFile: PakFile FullDirectoryIndexSize=140
[2022.10.04-18.20.25:545][  0]LogShaderLibrary: Display: ShaderCodeLibraryPakFileMountedCallback: PakFile 'C:/Program Files/Epic Games/UE_4.27/FeaturePacks/TP_TopDown.upack' (chunk index -1, root 'root:/') mounted
[2022.10.04-18.20.25:545][  0]LogShaderLibrary: Display: ShaderCodeLibraryPakFileMountedCallback: pending pak file info (ChunkID:-1 Root:root:/ File:C:/Program Files/Epic Games/UE_4.27/FeaturePacks/TP_TopDown.upack)
[2022.10.04-18.20.25:545][  0]LogPakFile: OnPakFileMounted2Time == 0.000024
[2022.10.04-18.20.25:545][  0]LogPakFile: PakFile PrimaryIndexSize=185
[2022.10.04-18.20.25:545][  0]LogPakFile: PakFile PathHashIndexSize=101
[2022.10.04-18.20.25:545][  0]LogPakFile: PakFile FullDirectoryIndexSize=144
[2022.10.04-18.20.25:545][  0]LogShaderLibrary: Display: ShaderCodeLibraryPakFileMountedCallback: PakFile 'C:/Program Files/Epic Games/UE_4.27/FeaturePacks/TP_TopDownBP.upack' (chunk index -1, root 'root:/') mounted
[2022.10.04-18.20.25:545][  0]LogShaderLibrary: Display: ShaderCodeLibraryPakFileMountedCallback: pending pak file info (ChunkID:-1 Root:root:/ File:C:/Program Files/Epic Games/UE_4.27/FeaturePacks/TP_TopDownBP.upack)
[2022.10.04-18.20.25:545][  0]LogPakFile: OnPakFileMounted2Time == 0.000017
[2022.10.04-18.20.25:545][  0]LogPakFile: PakFile PrimaryIndexSize=185
[2022.10.04-18.20.25:545][  0]LogPakFile: PakFile PathHashIndexSize=101
[2022.10.04-18.20.25:545][  0]LogPakFile: PakFile FullDirectoryIndexSize=144
[2022.10.04-18.20.25:545][  0]LogShaderLibrary: Display: ShaderCodeLibraryPakFileMountedCallback: PakFile 'C:/Program Files/Epic Games/UE_4.27/FeaturePacks/TP_TwinStick.upack' (chunk index -1, root 'root:/') mounted
[2022.10.04-18.20.25:545][  0]LogShaderLibrary: Display: ShaderCodeLibraryPakFileMountedCallback: pending pak file info (ChunkID:-1 Root:root:/ File:C:/Program Files/Epic Games/UE_4.27/FeaturePacks/TP_TwinStick.upack)
[2022.10.04-18.20.25:545][  0]LogPakFile: OnPakFileMounted2Time == 0.000018
[2022.10.04-18.20.25:546][  0]LogPakFile: PakFile PrimaryIndexSize=187
[2022.10.04-18.20.25:546][  0]LogPakFile: PakFile PathHashIndexSize=101
[2022.10.04-18.20.25:546][  0]LogPakFile: PakFile FullDirectoryIndexSize=148
[2022.10.04-18.20.25:546][  0]LogShaderLibrary: Display: ShaderCodeLibraryPakFileMountedCallback: PakFile 'C:/Program Files/Epic Games/UE_4.27/FeaturePacks/TP_TwinStickBP.upack' (chunk index -1, root 'root:/') mounted
[2022.10.04-18.20.25:546][  0]LogShaderLibrary: Display: ShaderCodeLibraryPakFileMountedCallback: pending pak file info (ChunkID:-1 Root:root:/ File:C:/Program Files/Epic Games/UE_4.27/FeaturePacks/TP_TwinStickBP.upack)
[2022.10.04-18.20.25:546][  0]LogPakFile: OnPakFileMounted2Time == 0.000017
[2022.10.04-18.20.25:546][  0]LogPakFile: PakFile PrimaryIndexSize=183
[2022.10.04-18.20.25:546][  0]LogPakFile: PakFile PathHashIndexSize=101
[2022.10.04-18.20.25:546][  0]LogPakFile: PakFile FullDirectoryIndexSize=140
[2022.10.04-18.20.25:546][  0]LogShaderLibrary: Display: ShaderCodeLibraryPakFileMountedCallback: PakFile 'C:/Program Files/Epic Games/UE_4.27/FeaturePacks/TP_Vehicle.upack' (chunk index -1, root 'root:/') mounted
[2022.10.04-18.20.25:546][  0]LogShaderLibrary: Display: ShaderCodeLibraryPakFileMountedCallback: pending pak file info (ChunkID:-1 Root:root:/ File:C:/Program Files/Epic Games/UE_4.27/FeaturePacks/TP_Vehicle.upack)
[2022.10.04-18.20.25:546][  0]LogPakFile: OnPakFileMounted2Time == 0.000017
[2022.10.04-18.20.25:547][  0]LogPakFile: PakFile PrimaryIndexSize=186
[2022.10.04-18.20.25:547][  0]LogPakFile: PakFile PathHashIndexSize=101
[2022.10.04-18.20.25:547][  0]LogPakFile: PakFile FullDirectoryIndexSize=146
[2022.10.04-18.20.25:547][  0]LogShaderLibrary: Display: ShaderCodeLibraryPakFileMountedCallback: PakFile 'C:/Program Files/Epic Games/UE_4.27/FeaturePacks/TP_VehicleAdv.upack' (chunk index -1, root 'root:/') mounted
[2022.10.04-18.20.25:547][  0]LogShaderLibrary: Display: ShaderCodeLibraryPakFileMountedCallback: pending pak file info (ChunkID:-1 Root:root:/ File:C:/Program Files/Epic Games/UE_4.27/FeaturePacks/TP_VehicleAdv.upack)
[2022.10.04-18.20.25:547][  0]LogPakFile: OnPakFileMounted2Time == 0.000017
[2022.10.04-18.20.25:547][  0]LogPakFile: PakFile PrimaryIndexSize=188
[2022.10.04-18.20.25:547][  0]LogPakFile: PakFile PathHashIndexSize=101
[2022.10.04-18.20.25:547][  0]LogPakFile: PakFile FullDirectoryIndexSize=150
[2022.10.04-18.20.25:547][  0]LogShaderLibrary: Display: ShaderCodeLibraryPakFileMountedCallback: PakFile 'C:/Program Files/Epic Games/UE_4.27/FeaturePacks/TP_VehicleAdvBP.upack' (chunk index -1, root 'root:/') mounted
[2022.10.04-18.20.25:547][  0]LogShaderLibrary: Display: ShaderCodeLibraryPakFileMountedCallback: pending pak file info (ChunkID:-1 Root:root:/ File:C:/Program Files/Epic Games/UE_4.27/FeaturePacks/TP_VehicleAdvBP.upack)
[2022.10.04-18.20.25:547][  0]LogPakFile: OnPakFileMounted2Time == 0.000018
[2022.10.04-18.20.25:548][  0]LogPakFile: PakFile PrimaryIndexSize=185
[2022.10.04-18.20.25:548][  0]LogPakFile: PakFile PathHashIndexSize=101
[2022.10.04-18.20.25:548][  0]LogPakFile: PakFile FullDirectoryIndexSize=144
[2022.10.04-18.20.25:548][  0]LogShaderLibrary: Display: ShaderCodeLibraryPakFileMountedCallback: PakFile 'C:/Program Files/Epic Games/UE_4.27/FeaturePacks/TP_VehicleBP.upack' (chunk index -1, root 'root:/') mounted
[2022.10.04-18.20.25:548][  0]LogShaderLibrary: Display: ShaderCodeLibraryPakFileMountedCallback: pending pak file info (ChunkID:-1 Root:root:/ File:C:/Program Files/Epic Games/UE_4.27/FeaturePacks/TP_VehicleBP.upack)
[2022.10.04-18.20.25:548][  0]LogPakFile: OnPakFileMounted2Time == 0.000018
[2022.10.04-18.20.25:548][  0]LogPakFile: PakFile PrimaryIndexSize=192
[2022.10.04-18.20.25:548][  0]LogPakFile: PakFile PathHashIndexSize=101
[2022.10.04-18.20.25:548][  0]LogPakFile: PakFile FullDirectoryIndexSize=158
[2022.10.04-18.20.25:548][  0]LogShaderLibrary: Display: ShaderCodeLibraryPakFileMountedCallback: PakFile 'C:/Program Files/Epic Games/UE_4.27/FeaturePacks/TP_VirtualRealityBP.upack' (chunk index -1, root 'root:/') mounted
[2022.10.04-18.20.25:548][  0]LogShaderLibrary: Display: ShaderCodeLibraryPakFileMountedCallback: pending pak file info (ChunkID:-1 Root:root:/ File:C:/Program Files/Epic Games/UE_4.27/FeaturePacks/TP_VirtualRealityBP.upack)
[2022.10.04-18.20.25:548][  0]LogPakFile: OnPakFileMounted2Time == 0.000017
[2022.10.04-18.20.25:573][  0]LogNativeClassHierarchy: Verbose: Native class hierarchy updated for 'AddContentDialog' in 0.0002 seconds. Added 0 classes and 0 folders.
[2022.10.04-18.20.25:578][  0]LogNativeClassHierarchy: Verbose: Native class hierarchy updated for 'SceneOutliner' in 0.0002 seconds. Added 2 classes and 0 folders.
[2022.10.04-18.20.25:671][  0]LogSlate: Took 0.000139 seconds to synchronously load lazily loaded font '../../../Engine/Content/Slate/Fonts/Roboto-Regular.ttf' (155K)
[2022.10.04-18.20.25:672][  0]LogSlate: Took 0.000351 seconds to synchronously load lazily loaded font '../../../Engine/Content/Editor/Slate/Fonts/FontAwesome.ttf' (139K)
[2022.10.04-18.20.25:675][  0]LogSlate: Took 0.000148 seconds to synchronously load lazily loaded font '../../../Engine/Content/Slate/Fonts/Roboto-Bold.ttf' (160K)
[2022.10.04-18.20.25:721][  0]LogRenderer: Reallocating scene render targets to support 1524x488 Format 10 NumSamples 1 (Frame:1).
[2022.10.04-18.20.25:804][  0]LogNativeClassHierarchy: Verbose: Native class hierarchy updated for 'HierarchicalLODOutliner' in 0.0002 seconds. Added 0 classes and 0 folders.
[2022.10.04-18.20.25:804][  0]LogLoad: (Engine Initialization) Total time: 6.85 seconds
[2022.10.04-18.20.25:804][  0]LogLoad: (Engine Initialization) Total Blueprint compile time: 0.00 seconds
[2022.10.04-18.20.25:838][  0]LogAssetRegistry: Asset discovery search completed in 4.0531 seconds
[2022.10.04-18.20.25:842][  0]LogCollectionManager: Fixed up redirectors for 0 collections in 0.000004 seconds (updated 0 objects)
[2022.10.04-18.20.25:846][  0]LogContentStreaming: Texture pool size now 1000 MB
[2022.10.04-18.20.25:869][  0]LogRenderer: Reallocating scene render targets to support 1524x504 Format 10 NumSamples 1 (Frame:3).
